[2017-08-18 14:54:33.900] [INFO] debug - 
Incomming Telegram message <<< 
 -name    : Wawan Setiawan
 -user id : wsetiawann
 -msg     : /t goat
[2017-08-18 14:54:40.933] [INFO] debug - 
Outgoing Telegram message >>>
 -name    : Wawan Setiawan
 -user id : wsetiawann
 -msg     : Detek Bahasa : en
=> kambing
[2017-08-18 14:55:02.170] [INFO] debug - 
Incomming Telegram message <<< 
 -name    : Wawan Setiawan
 -user id : wsetiawann
 -msg     : /t au
[2017-08-18 14:55:02.958] [INFO] debug - 
Incomming Telegram message <<< 
 -name    : Wawan Setiawan
 -user id : wsetiawann
 -msg     : /t au
[2017-08-18 14:55:02.960] [INFO] debug - 
Incomming Telegram message <<< 
 -name    : Wawan Setiawan
 -user id : wsetiawann
 -msg     : /t au
[2017-08-18 14:55:02.962] [INFO] debug - 
Incomming Telegram message <<< 
 -name    : Wawan Setiawan
 -user id : wsetiawann
 -msg     : /t au
[2017-08-18 14:55:02.964] [INFO] debug - 
Incomming Telegram message <<< 
 -name    : Wawan Setiawan
 -user id : wsetiawann
 -msg     : /t au
[2017-08-18 14:55:02.966] [INFO] debug - 
Incomming Telegram message <<< 
 -name    : Wawan Setiawan
 -user id : wsetiawann
 -msg     : /t au
[2017-08-18 14:55:02.967] [INFO] debug - 
Incomming Telegram message <<< 
 -name    : Wawan Setiawan
 -user id : wsetiawann
 -msg     : /t au
[2017-08-18 14:55:02.969] [INFO] debug - 
Incomming Telegram message <<< 
 -name    : Wawan Setiawan
 -user id : wsetiawann
 -msg     : /t au
[2017-08-18 14:55:02.970] [INFO] debug - 
Incomming Telegram message <<< 
 -name    : Wawan Setiawan
 -user id : wsetiawann
 -msg     : /t au
[2017-08-18 14:55:02.972] [INFO] debug - 
Incomming Telegram message <<< 
 -name    : Wawan Setiawan
 -user id : wsetiawann
 -msg     : /t au
[2017-08-18 14:55:02.973] [INFO] debug - 
Incomming Telegram message <<< 
 -name    : Wawan Setiawan
 -user id : wsetiawann
 -msg     : /t au
[2017-08-18 14:55:02.975] [INFO] debug - 
Incomming Telegram message <<< 
 -name    : Wawan Setiawan
 -user id : wsetiawann
 -msg     : /t au
[2017-08-18 14:55:03.078] [INFO] debug - 
Outgoing Telegram message >>>
 -name    : Wawan Setiawan
 -user id : wsetiawann
 -msg     : Detek Bahasa : fr
=> itu
[2017-08-18 14:55:04.054] [INFO] debug - 
Outgoing Telegram message >>>
 -name    : Wawan Setiawan
 -user id : wsetiawann
 -msg     : Detek Bahasa : fr
=> ituDetek Bahasa : fr
=> itu
[2017-08-18 14:55:04.419] [INFO] debug - 
Outgoing Telegram message >>>
 -name    : Wawan Setiawan
 -user id : wsetiawann
 -msg     : Detek Bahasa : fr
=> ituDetek Bahasa : fr
=> ituDetek Bahasa : fr
=> itu
[2017-08-18 14:55:05.905] [INFO] debug - 
Outgoing Telegram message >>>
 -name    : Wawan Setiawan
 -user id : wsetiawann
 -msg     : Detek Bahasa : fr
=> ituDetek Bahasa : fr
=> ituDetek Bahasa : fr
=> ituDetek Bahasa : fr
=> itu
[2017-08-18 14:55:05.914] [INFO] debug - 
Outgoing Telegram message >>>
 -name    : Wawan Setiawan
 -user id : wsetiawann
 -msg     : Detek Bahasa : fr
=> ituDetek Bahasa : fr
=> ituDetek Bahasa : fr
=> ituDetek Bahasa : fr
=> ituDetek Bahasa : fr
=> itu
[2017-08-18 14:55:07.275] [INFO] debug - 
Outgoing Telegram message >>>
 -name    : Wawan Setiawan
 -user id : wsetiawann
 -msg     : Detek Bahasa : fr
=> ituDetek Bahasa : fr
=> ituDetek Bahasa : fr
=> ituDetek Bahasa : fr
=> ituDetek Bahasa : fr
=> ituDetek Bahasa : fr
=> itu
[2017-08-18 14:55:07.324] [INFO] debug - 
Outgoing Telegram message >>>
 -name    : Wawan Setiawan
 -user id : wsetiawann
 -msg     : Detek Bahasa : fr
=> ituDetek Bahasa : fr
=> ituDetek Bahasa : fr
=> ituDetek Bahasa : fr
=> ituDetek Bahasa : fr
=> ituDetek Bahasa : fr
=> ituDetek Bahasa : fr
=> itu
[2017-08-18 14:55:07.716] [INFO] debug - 
Outgoing Telegram message >>>
 -name    : Wawan Setiawan
 -user id : wsetiawann
 -msg     : Detek Bahasa : fr
=> ituDetek Bahasa : fr
=> ituDetek Bahasa : fr
=> ituDetek Bahasa : fr
=> ituDetek Bahasa : fr
=> ituDetek Bahasa : fr
=> ituDetek Bahasa : fr
=> ituDetek Bahasa : fr
=> itu
[2017-08-18 14:55:08.937] [INFO] debug - 
Outgoing Telegram message >>>
 -name    : Wawan Setiawan
 -user id : wsetiawann
 -msg     : Detek Bahasa : fr
=> ituDetek Bahasa : fr
=> ituDetek Bahasa : fr
=> ituDetek Bahasa : fr
=> ituDetek Bahasa : fr
=> ituDetek Bahasa : fr
=> ituDetek Bahasa : fr
=> ituDetek Bahasa : fr
=> ituDetek Bahasa : fr
=> itu
[2017-08-18 14:55:09.399] [INFO] debug - 
Outgoing Telegram message >>>
 -name    : Wawan Setiawan
 -user id : wsetiawann
 -msg     : Detek Bahasa : fr
=> ituDetek Bahasa : fr
=> ituDetek Bahasa : fr
=> ituDetek Bahasa : fr
=> ituDetek Bahasa : fr
=> ituDetek Bahasa : fr
=> ituDetek Bahasa : fr
=> ituDetek Bahasa : fr
=> ituDetek Bahasa : fr
=> ituDetek Bahasa : fr
=> itu
[2017-08-18 14:55:21.189] [INFO] debug - 
Outgoing Telegram message >>>
 -name    : Wawan Setiawan
 -user id : wsetiawann
 -msg     : Detek Bahasa : fr
=> ituDetek Bahasa : fr
=> ituDetek Bahasa : fr
=> ituDetek Bahasa : fr
=> ituDetek Bahasa : fr
=> ituDetek Bahasa : fr
=> ituDetek Bahasa : fr
=> ituDetek Bahasa : fr
=> ituDetek Bahasa : fr
=> ituDetek Bahasa : fr
=> ituDetek Bahasa : fr
=> itu
[2017-08-18 14:55:21.318] [INFO] debug - 
Outgoing Telegram message >>>
 -name    : Wawan Setiawan
 -user id : wsetiawann
 -msg     : Detek Bahasa : fr
=> ituDetek Bahasa : fr
=> ituDetek Bahasa : fr
=> ituDetek Bahasa : fr
=> ituDetek Bahasa : fr
=> ituDetek Bahasa : fr
=> ituDetek Bahasa : fr
=> ituDetek Bahasa : fr
=> ituDetek Bahasa : fr
=> ituDetek Bahasa : fr
=> ituDetek Bahasa : fr
=> ituDetek Bahasa : fr
=> itu
[2017-08-18 14:56:43.012] [INFO] debug - 
Incomming Telegram message <<< 
 -name    : Wawan Setiawan
 -user id : wsetiawann
 -msg     : sb2
[2017-08-18 14:56:52.249] [INFO] debug - 
Incomming Telegram message <<< 
 -name    : Wawan Setiawan
 -user id : wsetiawann
 -msg     : /t au
[2017-08-18 14:56:53.641] [INFO] debug - 
Incomming Telegram message <<< 
 -name    : Wawan Setiawan
 -user id : wsetiawann
 -msg     : /t au
[2017-08-18 14:56:53.642] [INFO] debug - 
Incomming Telegram message <<< 
 -name    : Wawan Setiawan
 -user id : wsetiawann
 -msg     : /t au
[2017-08-18 14:56:53.643] [INFO] debug - 
Incomming Telegram message <<< 
 -name    : Wawan Setiawan
 -user id : wsetiawann
 -msg     : /t au
[2017-08-18 14:56:53.643] [INFO] debug - 
Incomming Telegram message <<< 
 -name    : Wawan Setiawan
 -user id : wsetiawann
 -msg     : /t au
[2017-08-18 14:56:53.644] [INFO] debug - 
Incomming Telegram message <<< 
 -name    : Wawan Setiawan
 -user id : wsetiawann
 -msg     : /t au
[2017-08-18 14:56:53.644] [INFO] debug - 
Incomming Telegram message <<< 
 -name    : Wawan Setiawan
 -user id : wsetiawann
 -msg     : /t au

/t au
[2017-08-18 14:56:53.645] [INFO] debug - 
Incomming Telegram message <<< 
 -name    : Wawan Setiawan
 -user id : wsetiawann
 -msg     : /t au
[2017-08-18 14:56:53.645] [INFO] debug - 
Incomming Telegram message <<< 
 -name    : Wawan Setiawan
 -user id : wsetiawann
 -msg     : /t au
[2017-08-18 14:56:53.645] [INFO] debug - 
Incomming Telegram message <<< 
 -name    : Wawan Setiawan
 -user id : wsetiawann
 -msg     : /t au

/t au
/t au
[2017-08-18 14:56:53.646] [INFO] debug - 
Incomming Telegram message <<< 
 -name    : Wawan Setiawan
 -user id : wsetiawann
 -msg     : /t au
[2017-08-18 14:56:53.646] [INFO] debug - 
Incomming Telegram message <<< 
 -name    : Wawan Setiawan
 -user id : wsetiawann
 -msg     : /t au
[2017-08-18 14:56:53.647] [INFO] debug - 
Incomming Telegram message <<< 
 -name    : Wawan Setiawan
 -user id : wsetiawann
 -msg     : /t au
[2017-08-18 14:56:53.732] [INFO] debug - 
Outgoing Telegram message >>>
 -name    : Wawan Setiawan
 -user id : wsetiawann
 -msg     : Detek Bahasa : fr
=> itu
[2017-08-18 14:56:54.669] [INFO] debug - 
Outgoing Telegram message >>>
 -name    : Wawan Setiawan
 -user id : wsetiawann
 -msg     : Detek Bahasa : fr
=> itu
[2017-08-18 14:56:54.899] [INFO] debug - 
Outgoing Telegram message >>>
 -name    : Wawan Setiawan
 -user id : wsetiawann
 -msg     : Detek Bahasa : fr
=> itu
[2017-08-18 14:56:54.912] [INFO] debug - 
Outgoing Telegram message >>>
 -name    : Wawan Setiawan
 -user id : wsetiawann
 -msg     : Detek Bahasa : fr
=> itu
[2017-08-18 14:56:54.923] [INFO] debug - 
Outgoing Telegram message >>>
 -name    : Wawan Setiawan
 -user id : wsetiawann
 -msg     : Detek Bahasa : fr
=> itu
[2017-08-18 14:56:55.207] [INFO] debug - 
Outgoing Telegram message >>>
 -name    : Wawan Setiawan
 -user id : wsetiawann
 -msg     : Detek Bahasa : fr
=> itu

/ T di
/ T di
[2017-08-18 14:56:55.384] [INFO] debug - 
Incomming Telegram message <<< 
 -name    : Wawan Setiawan
 -user id : wsetiawann
 -msg     : /t au
[2017-08-18 14:56:55.386] [INFO] debug - 
Incomming Telegram message <<< 
 -name    : Wawan Setiawan
 -user id : wsetiawann
 -msg     : /t au
[2017-08-18 14:56:55.387] [INFO] debug - 
Incomming Telegram message <<< 
 -name    : Wawan Setiawan
 -user id : wsetiawann
 -msg     : /t au
[2017-08-18 14:56:55.388] [INFO] debug - 
Incomming Telegram message <<< 
 -name    : Wawan Setiawan
 -user id : wsetiawann
 -msg     : /t au
[2017-08-18 14:56:55.878] [INFO] debug - 
Outgoing Telegram message >>>
 -name    : Wawan Setiawan
 -user id : wsetiawann
 -msg     : Detek Bahasa : fr
=> itu
[2017-08-18 14:56:55.889] [INFO] debug - 
Outgoing Telegram message >>>
 -name    : Wawan Setiawan
 -user id : wsetiawann
 -msg     : Detek Bahasa : fr
=> itu
[2017-08-18 14:56:55.903] [INFO] debug - 
Outgoing Telegram message >>>
 -name    : Wawan Setiawan
 -user id : wsetiawann
 -msg     : Detek Bahasa : fr
=> itu

/ T di
[2017-08-18 14:56:56.202] [INFO] debug - 
Outgoing Telegram message >>>
 -name    : Wawan Setiawan
 -user id : wsetiawann
 -msg     : Detek Bahasa : fr
=> itu
[2017-08-18 14:56:56.217] [INFO] debug - 
Outgoing Telegram message >>>
 -name    : Wawan Setiawan
 -user id : wsetiawann
 -msg     : Detek Bahasa : fr
=> itu
[2017-08-18 14:56:56.226] [INFO] debug - 
Outgoing Telegram message >>>
 -name    : Wawan Setiawan
 -user id : wsetiawann
 -msg     : Detek Bahasa : fr
=> itu
[2017-08-18 14:56:56.238] [INFO] debug - 
Outgoing Telegram message >>>
 -name    : Wawan Setiawan
 -user id : wsetiawann
 -msg     : Detek Bahasa : fr
=> itu
[2017-08-18 14:56:56.485] [INFO] debug - 
Outgoing Telegram message >>>
 -name    : Wawan Setiawan
 -user id : wsetiawann
 -msg     : Detek Bahasa : fr
=> itu
[2017-08-18 14:56:56.920] [INFO] debug - 
Outgoing Telegram message >>>
 -name    : Wawan Setiawan
 -user id : wsetiawann
 -msg     : Detek Bahasa : fr
=> itu
[2017-08-18 14:56:57.858] [INFO] debug - 
Outgoing Telegram message >>>
 -name    : Wawan Setiawan
 -user id : wsetiawann
 -msg     : Detek Bahasa : fr
=> itu
[2017-08-18 14:57:00.030] [INFO] debug - 
Outgoing Telegram message >>>
 -name    : Wawan Setiawan
 -user id : wsetiawann
 -msg     : Detek Bahasa : fr
=> itu
[2017-08-18 14:57:12.870] [INFO] debug - 
Incomming Telegram message <<< 
 -name    : Wawan Setiawan
 -user id : wsetiawann
 -msg     : /t au
[2017-08-18 14:57:13.778] [INFO] debug - 
Incomming Telegram message <<< 
 -name    : Wawan Setiawan
 -user id : wsetiawann
 -msg     : /t au
[2017-08-18 14:57:13.779] [INFO] debug - 
Incomming Telegram message <<< 
 -name    : Wawan Setiawan
 -user id : wsetiawann
 -msg     : /t au
[2017-08-18 14:57:14.022] [INFO] debug - 
Outgoing Telegram message >>>
 -name    : Wawan Setiawan
 -user id : wsetiawann
 -msg     : Detek Bahasa : fr
=> itu
[2017-08-18 14:57:14.603] [INFO] debug - 
Incomming Telegram message <<< 
 -name    : Wawan Setiawan
 -user id : wsetiawann
 -msg     : /t au
[2017-08-18 14:57:15.185] [INFO] debug - 
Outgoing Telegram message >>>
 -name    : Wawan Setiawan
 -user id : wsetiawann
 -msg     : Detek Bahasa : fr
=> itu
[2017-08-18 14:57:15.403] [INFO] debug - 
Incomming Telegram message <<< 
 -name    : Wawan Setiawan
 -user id : wsetiawann
 -msg     : /t au
[2017-08-18 14:57:15.404] [INFO] debug - 
Incomming Telegram message <<< 
 -name    : Wawan Setiawan
 -user id : wsetiawann
 -msg     : /t au
[2017-08-18 14:57:15.404] [INFO] debug - 
Incomming Telegram message <<< 
 -name    : Wawan Setiawan
 -user id : wsetiawann
 -msg     : /t au
[2017-08-18 14:57:15.632] [INFO] debug - 
Outgoing Telegram message >>>
 -name    : Wawan Setiawan
 -user id : wsetiawann
 -msg     : Detek Bahasa : fr
=> itu
[2017-08-18 14:57:16.076] [INFO] debug - 
Incomming Telegram message <<< 
 -name    : Wawan Setiawan
 -user id : wsetiawann
 -msg     : /t au

/t au
[2017-08-18 14:57:16.129] [INFO] debug - 
Outgoing Telegram message >>>
 -name    : Wawan Setiawan
 -user id : wsetiawann
 -msg     : Detek Bahasa : fr
=> itu
[2017-08-18 14:57:16.139] [INFO] debug - 
Outgoing Telegram message >>>
 -name    : Wawan Setiawan
 -user id : wsetiawann
 -msg     : Detek Bahasa : fr
=> itu
[2017-08-18 14:57:16.143] [INFO] debug - 
Outgoing Telegram message >>>
 -name    : Wawan Setiawan
 -user id : wsetiawann
 -msg     : Detek Bahasa : fr
=> itu
[2017-08-18 14:57:16.875] [INFO] debug - 
Outgoing Telegram message >>>
 -name    : Wawan Setiawan
 -user id : wsetiawann
 -msg     : Detek Bahasa : fr
=> itu

/ T di
[2017-08-18 14:57:17.293] [INFO] debug - 
Incomming Telegram message <<< 
 -name    : Wawan Setiawan
 -user id : wsetiawann
 -msg     : /t au
[2017-08-18 14:57:17.414] [INFO] debug - 
Outgoing Telegram message >>>
 -name    : Wawan Setiawan
 -user id : wsetiawann
 -msg     : Detek Bahasa : fr
=> itu
[2017-08-18 14:57:18.127] [INFO] debug - 
Incomming Telegram message <<< 
 -name    : Wawan Setiawan
 -user id : wsetiawann
 -msg     : /t au
[2017-08-18 14:57:18.128] [INFO] debug - 
Incomming Telegram message <<< 
 -name    : Wawan Setiawan
 -user id : wsetiawann
 -msg     : /t au
[2017-08-18 14:57:18.129] [INFO] debug - 
Incomming Telegram message <<< 
 -name    : Wawan Setiawan
 -user id : wsetiawann
 -msg     : /t au
[2017-08-18 14:57:18.130] [INFO] debug - 
Incomming Telegram message <<< 
 -name    : Wawan Setiawan
 -user id : wsetiawann
 -msg     : /t au
[2017-08-18 14:57:18.130] [INFO] debug - 
Incomming Telegram message <<< 
 -name    : Wawan Setiawan
 -user id : wsetiawann
 -msg     : /t au
[2017-08-18 14:57:18.131] [INFO] debug - 
Incomming Telegram message <<< 
 -name    : Wawan Setiawan
 -user id : wsetiawann
 -msg     : /t au
[2017-08-18 14:57:18.556] [INFO] debug - 
Outgoing Telegram message >>>
 -name    : Wawan Setiawan
 -user id : wsetiawann
 -msg     : Detek Bahasa : fr
=> itu
[2017-08-18 14:57:18.921] [INFO] debug - 
Incomming Telegram message <<< 
 -name    : Wawan Setiawan
 -user id : wsetiawann
 -msg     : /t au
[2017-08-18 14:57:18.922] [INFO] debug - 
Incomming Telegram message <<< 
 -name    : Wawan Setiawan
 -user id : wsetiawann
 -msg     : /t au
[2017-08-18 14:57:19.134] [INFO] debug - 
Outgoing Telegram message >>>
 -name    : Wawan Setiawan
 -user id : wsetiawann
 -msg     : Detek Bahasa : fr
=> itu
[2017-08-18 14:57:19.144] [INFO] debug - 
Outgoing Telegram message >>>
 -name    : Wawan Setiawan
 -user id : wsetiawann
 -msg     : Detek Bahasa : fr
=> itu
[2017-08-18 14:57:20.418] [INFO] debug - 
Outgoing Telegram message >>>
 -name    : Wawan Setiawan
 -user id : wsetiawann
 -msg     : Detek Bahasa : fr
=> itu
[2017-08-18 14:57:21.061] [INFO] debug - 
Outgoing Telegram message >>>
 -name    : Wawan Setiawan
 -user id : wsetiawann
 -msg     : Detek Bahasa : fr
=> itu
[2017-08-18 14:57:21.307] [INFO] debug - 
Outgoing Telegram message >>>
 -name    : Wawan Setiawan
 -user id : wsetiawann
 -msg     : Detek Bahasa : fr
=> itu
[2017-08-18 14:57:21.747] [INFO] debug - 
Outgoing Telegram message >>>
 -name    : Wawan Setiawan
 -user id : wsetiawann
 -msg     : Detek Bahasa : fr
=> itu
[2017-08-18 14:57:23.472] [INFO] debug - 
Outgoing Telegram message >>>
 -name    : Wawan Setiawan
 -user id : wsetiawann
 -msg     : Detek Bahasa : fr
=> itu
[2017-08-18 14:57:24.778] [INFO] debug - 
Incomming Telegram message <<< 
 -name    : Wawan Setiawan
 -user id : wsetiawann
 -msg     : /t au
[2017-08-18 14:57:24.778] [INFO] debug - 
Incomming Telegram message <<< 
 -name    : Wawan Setiawan
 -user id : wsetiawann
 -msg     : /t au
[2017-08-18 14:57:24.779] [INFO] debug - 
Incomming Telegram message <<< 
 -name    : Wawan Setiawan
 -user id : wsetiawann
 -msg     : /t au
[2017-08-18 14:57:25.760] [INFO] debug - 
Outgoing Telegram message >>>
 -name    : Wawan Setiawan
 -user id : wsetiawann
 -msg     : Detek Bahasa : fr
=> itu
[2017-08-18 14:57:26.690] [INFO] debug - 
Outgoing Telegram message >>>
 -name    : Wawan Setiawan
 -user id : wsetiawann
 -msg     : Detek Bahasa : fr
=> itu
[2017-08-18 14:57:26.865] [INFO] debug - 
Outgoing Telegram message >>>
 -name    : Wawan Setiawan
 -user id : wsetiawann
 -msg     : Detek Bahasa : fr
=> itu
[2017-08-18 14:57:27.727] [INFO] debug - 
Incomming Telegram message <<< 
 -name    : Wawan Setiawan
 -user id : wsetiawann
 -msg     : /t au
[2017-08-18 14:57:27.728] [INFO] debug - 
Incomming Telegram message <<< 
 -name    : Wawan Setiawan
 -user id : wsetiawann
 -msg     : /t au
[2017-08-18 14:57:27.729] [INFO] debug - 
Incomming Telegram message <<< 
 -name    : Wawan Setiawan
 -user id : wsetiawann
 -msg     : /t au
[2017-08-18 14:57:27.731] [INFO] debug - 
Incomming Telegram message <<< 
 -name    : Wawan Setiawan
 -user id : wsetiawann
 -msg     : /t au
[2017-08-18 14:57:27.731] [INFO] debug - 
Incomming Telegram message <<< 
 -name    : Wawan Setiawan
 -user id : wsetiawann
 -msg     : /t au
[2017-08-18 14:57:27.732] [INFO] debug - 
Incomming Telegram message <<< 
 -name    : Wawan Setiawan
 -user id : wsetiawann
 -msg     : /t au
[2017-08-18 14:57:27.733] [INFO] debug - 
Incomming Telegram message <<< 
 -name    : Wawan Setiawan
 -user id : wsetiawann
 -msg     : /t au
[2017-08-18 14:57:27.734] [INFO] debug - 
Incomming Telegram message <<< 
 -name    : Wawan Setiawan
 -user id : wsetiawann
 -msg     : /t au
[2017-08-18 14:57:27.734] [INFO] debug - 
Incomming Telegram message <<< 
 -name    : Wawan Setiawan
 -user id : wsetiawann
 -msg     : /t au
[2017-08-18 14:57:27.735] [INFO] debug - 
Incomming Telegram message <<< 
 -name    : Wawan Setiawan
 -user id : wsetiawann
 -msg     : /t au
[2017-08-18 14:57:27.736] [INFO] debug - 
Incomming Telegram message <<< 
 -name    : Wawan Setiawan
 -user id : wsetiawann
 -msg     : /t au
[2017-08-18 14:57:27.736] [INFO] debug - 
Incomming Telegram message <<< 
 -name    : Wawan Setiawan
 -user id : wsetiawann
 -msg     : /t au
[2017-08-18 14:57:27.736] [INFO] debug - 
Incomming Telegram message <<< 
 -name    : Wawan Setiawan
 -user id : wsetiawann
 -msg     : /t au
[2017-08-18 14:57:27.894] [INFO] debug - 
Outgoing Telegram message >>>
 -name    : Wawan Setiawan
 -user id : wsetiawann
 -msg     : Detek Bahasa : fr
=> itu
[2017-08-18 14:57:28.569] [INFO] debug - 
Incomming Telegram message <<< 
 -name    : Wawan Setiawan
 -user id : wsetiawann
 -msg     : /t au
/t au
/t au
[2017-08-18 14:57:28.570] [INFO] debug - 
Incomming Telegram message <<< 
 -name    : Wawan Setiawan
 -user id : wsetiawann
 -msg     : /t au
[2017-08-18 14:57:28.571] [INFO] debug - 
Incomming Telegram message <<< 
 -name    : Wawan Setiawan
 -user id : wsetiawann
 -msg     : /t au
[2017-08-18 14:57:28.572] [INFO] debug - 
Incomming Telegram message <<< 
 -name    : Wawan Setiawan
 -user id : wsetiawann
 -msg     : /t au
[2017-08-18 14:57:28.572] [INFO] debug - 
Incomming Telegram message <<< 
 -name    : Wawan Setiawan
 -user id : wsetiawann
 -msg     : /t au
/t au
[2017-08-18 14:57:28.573] [INFO] debug - 
Incomming Telegram message <<< 
 -name    : Wawan Setiawan
 -user id : wsetiawann
 -msg     : /t au
[2017-08-18 14:57:28.573] [INFO] debug - 
Incomming Telegram message <<< 
 -name    : Wawan Setiawan
 -user id : wsetiawann
 -msg     : /t au
[2017-08-18 14:57:28.574] [INFO] debug - 
Incomming Telegram message <<< 
 -name    : Wawan Setiawan
 -user id : wsetiawann
 -msg     : /t au
[2017-08-18 14:57:28.574] [INFO] debug - 
Incomming Telegram message <<< 
 -name    : Wawan Setiawan
 -user id : wsetiawann
 -msg     : /t au
[2017-08-18 14:57:28.736] [INFO] debug - 
Outgoing Telegram message >>>
 -name    : Wawan Setiawan
 -user id : wsetiawann
 -msg     : Detek Bahasa : fr
=> itu
[2017-08-18 14:57:28.746] [INFO] debug - 
Outgoing Telegram message >>>
 -name    : Wawan Setiawan
 -user id : wsetiawann
 -msg     : Detek Bahasa : fr
=> itu
[2017-08-18 14:57:28.755] [INFO] debug - 
Outgoing Telegram message >>>
 -name    : Wawan Setiawan
 -user id : wsetiawann
 -msg     : Detek Bahasa : fr
=> itu
[2017-08-18 14:57:28.764] [INFO] debug - 
Outgoing Telegram message >>>
 -name    : Wawan Setiawan
 -user id : wsetiawann
 -msg     : Detek Bahasa : fr
=> itu
[2017-08-18 14:57:28.781] [INFO] debug - 
Outgoing Telegram message >>>
 -name    : Wawan Setiawan
 -user id : wsetiawann
 -msg     : Detek Bahasa : fr
=> itu
[2017-08-18 14:57:28.809] [INFO] debug - 
Outgoing Telegram message >>>
 -name    : Wawan Setiawan
 -user id : wsetiawann
 -msg     : Detek Bahasa : fr
=> itu
[2017-08-18 14:57:28.820] [INFO] debug - 
Outgoing Telegram message >>>
 -name    : Wawan Setiawan
 -user id : wsetiawann
 -msg     : Detek Bahasa : fr
=> itu
[2017-08-18 14:57:28.827] [INFO] debug - 
Outgoing Telegram message >>>
 -name    : Wawan Setiawan
 -user id : wsetiawann
 -msg     : Detek Bahasa : fr
=> itu
[2017-08-18 14:57:28.831] [INFO] debug - 
Outgoing Telegram message >>>
 -name    : Wawan Setiawan
 -user id : wsetiawann
 -msg     : Detek Bahasa : fr
=> itu
[2017-08-18 14:57:28.839] [INFO] debug - 
Outgoing Telegram message >>>
 -name    : Wawan Setiawan
 -user id : wsetiawann
 -msg     : Detek Bahasa : fr
=> itu
[2017-08-18 14:57:28.845] [INFO] debug - 
Outgoing Telegram message >>>
 -name    : Wawan Setiawan
 -user id : wsetiawann
 -msg     : Detek Bahasa : fr
=> itu
[2017-08-18 14:57:29.328] [INFO] debug - 
Incomming Telegram message <<< 
 -name    : Wawan Setiawan
 -user id : wsetiawann
 -msg     : /t au
[2017-08-18 14:57:29.329] [INFO] debug - 
Incomming Telegram message <<< 
 -name    : Wawan Setiawan
 -user id : wsetiawann
 -msg     : /t au
[2017-08-18 14:57:29.330] [INFO] debug - 
Incomming Telegram message <<< 
 -name    : Wawan Setiawan
 -user id : wsetiawann
 -msg     : /t au
[2017-08-18 14:57:29.348] [INFO] debug - 
Outgoing Telegram message >>>
 -name    : Wawan Setiawan
 -user id : wsetiawann
 -msg     : Detek Bahasa : fr
=> itu
[2017-08-18 14:57:29.355] [INFO] debug - 
Outgoing Telegram message >>>
 -name    : Wawan Setiawan
 -user id : wsetiawann
 -msg     : Detek Bahasa : fr
=> itu
[2017-08-18 14:57:29.674] [INFO] debug - 
Outgoing Telegram message >>>
 -name    : Wawan Setiawan
 -user id : wsetiawann
 -msg     : Detek Bahasa : fr
=> itu
[2017-08-18 14:57:29.943] [INFO] debug - 
Outgoing Telegram message >>>
 -name    : Wawan Setiawan
 -user id : wsetiawann
 -msg     : Detek Bahasa : fr
=> itu
[2017-08-18 14:57:29.947] [INFO] debug - 
Outgoing Telegram message >>>
 -name    : Wawan Setiawan
 -user id : wsetiawann
 -msg     : Detek Bahasa : fr
=> itu
[2017-08-18 14:57:29.956] [INFO] debug - 
Outgoing Telegram message >>>
 -name    : Wawan Setiawan
 -user id : wsetiawann
 -msg     : Detek Bahasa : fr
=> itu
/ T di
[2017-08-18 14:57:29.964] [INFO] debug - 
Outgoing Telegram message >>>
 -name    : Wawan Setiawan
 -user id : wsetiawann
 -msg     : Detek Bahasa : fr
=> itu
[2017-08-18 14:57:29.972] [INFO] debug - 
Outgoing Telegram message >>>
 -name    : Wawan Setiawan
 -user id : wsetiawann
 -msg     : Detek Bahasa : fr
=> itu
/ T di
/ T di
[2017-08-18 14:57:29.977] [INFO] debug - 
Outgoing Telegram message >>>
 -name    : Wawan Setiawan
 -user id : wsetiawann
 -msg     : Detek Bahasa : fr
=> itu
[2017-08-18 14:57:30.295] [INFO] debug - 
Incomming Telegram message <<< 
 -name    : Wawan Setiawan
 -user id : wsetiawann
 -msg     : /t au
[2017-08-18 14:57:30.296] [INFO] debug - 
Incomming Telegram message <<< 
 -name    : Wawan Setiawan
 -user id : wsetiawann
 -msg     : /t au
[2017-08-18 14:57:30.340] [INFO] debug - 
Outgoing Telegram message >>>
 -name    : Wawan Setiawan
 -user id : wsetiawann
 -msg     : Detek Bahasa : fr
=> itu
[2017-08-18 14:57:31.033] [INFO] debug - 
Incomming Telegram message <<< 
 -name    : Wawan Setiawan
 -user id : wsetiawann
 -msg     : /t au
[2017-08-18 14:57:31.034] [INFO] debug - 
Incomming Telegram message <<< 
 -name    : Wawan Setiawan
 -user id : wsetiawann
 -msg     : /t au
[2017-08-18 14:57:31.295] [INFO] debug - 
Outgoing Telegram message >>>
 -name    : Wawan Setiawan
 -user id : wsetiawann
 -msg     : Detek Bahasa : fr
=> itu
[2017-08-18 14:57:31.302] [INFO] debug - 
Outgoing Telegram message >>>
 -name    : Wawan Setiawan
 -user id : wsetiawann
 -msg     : Detek Bahasa : fr
=> itu
[2017-08-18 14:57:31.779] [INFO] debug - 
Outgoing Telegram message >>>
 -name    : Wawan Setiawan
 -user id : wsetiawann
 -msg     : Detek Bahasa : fr
=> itu
[2017-08-18 14:57:31.790] [INFO] debug - 
Outgoing Telegram message >>>
 -name    : Wawan Setiawan
 -user id : wsetiawann
 -msg     : Detek Bahasa : fr
=> itu
[2017-08-18 14:57:31.921] [INFO] debug - 
Outgoing Telegram message >>>
 -name    : Wawan Setiawan
 -user id : wsetiawann
 -msg     : Detek Bahasa : fr
=> itu
[2017-08-18 14:57:31.928] [INFO] debug - 
Outgoing Telegram message >>>
 -name    : Wawan Setiawan
 -user id : wsetiawann
 -msg     : Detek Bahasa : fr
=> itu
[2017-08-18 14:57:32.341] [INFO] debug - 
Incomming Telegram message <<< 
 -name    : Wawan Setiawan
 -user id : wsetiawann
 -msg     : /t au
[2017-08-18 14:57:33.684] [INFO] debug - 
Outgoing Telegram message >>>
 -name    : Wawan Setiawan
 -user id : wsetiawann
 -msg     : Detek Bahasa : fr
=> itu
[2017-08-18 14:57:33.696] [INFO] debug - 
Outgoing Telegram message >>>
 -name    : Wawan Setiawan
 -user id : wsetiawann
 -msg     : Detek Bahasa : fr
=> itu
[2017-08-18 14:57:34.640] [INFO] debug - 
Outgoing Telegram message >>>
 -name    : Wawan Setiawan
 -user id : wsetiawann
 -msg     : Detek Bahasa : fr
=> itu
[2017-08-18 14:57:34.646] [INFO] debug - 
Incomming Telegram message <<< 
 -name    : Wawan Setiawan
 -user id : wsetiawann
 -msg     : /t au
[2017-08-18 14:57:34.647] [INFO] debug - 
Incomming Telegram message <<< 
 -name    : Wawan Setiawan
 -user id : wsetiawann
 -msg     : /t au
[2017-08-18 14:57:34.649] [INFO] debug - 
Incomming Telegram message <<< 
 -name    : Wawan Setiawan
 -user id : wsetiawann
 -msg     : /t au
[2017-08-18 14:57:34.650] [INFO] debug - 
Incomming Telegram message <<< 
 -name    : Wawan Setiawan
 -user id : wsetiawann
 -msg     : /t au
[2017-08-18 14:57:34.652] [INFO] debug - 
Incomming Telegram message <<< 
 -name    : Wawan Setiawan
 -user id : wsetiawann
 -msg     : /t au
[2017-08-18 14:57:35.378] [INFO] debug - 
Incomming Telegram message <<< 
 -name    : Wawan Setiawan
 -user id : wsetiawann
 -msg     : /t au
[2017-08-18 14:57:35.379] [INFO] debug - 
Incomming Telegram message <<< 
 -name    : Wawan Setiawan
 -user id : wsetiawann
 -msg     : /t au
[2017-08-18 14:57:35.379] [INFO] debug - 
Incomming Telegram message <<< 
 -name    : Wawan Setiawan
 -user id : wsetiawann
 -msg     : /t au
[2017-08-18 14:57:35.380] [INFO] debug - 
Incomming Telegram message <<< 
 -name    : Wawan Setiawan
 -user id : wsetiawann
 -msg     : /t au
[2017-08-18 14:57:35.395] [INFO] debug - 
Outgoing Telegram message >>>
 -name    : Wawan Setiawan
 -user id : wsetiawann
 -msg     : Detek Bahasa : fr
=> itu
[2017-08-18 14:57:35.407] [INFO] debug - 
Outgoing Telegram message >>>
 -name    : Wawan Setiawan
 -user id : wsetiawann
 -msg     : Detek Bahasa : fr
=> itu
[2017-08-18 14:57:35.416] [INFO] debug - 
Outgoing Telegram message >>>
 -name    : Wawan Setiawan
 -user id : wsetiawann
 -msg     : Detek Bahasa : fr
=> itu
[2017-08-18 14:57:35.422] [INFO] debug - 
Outgoing Telegram message >>>
 -name    : Wawan Setiawan
 -user id : wsetiawann
 -msg     : Detek Bahasa : fr
=> itu
[2017-08-18 14:57:35.429] [INFO] debug - 
Outgoing Telegram message >>>
 -name    : Wawan Setiawan
 -user id : wsetiawann
 -msg     : Detek Bahasa : fr
=> itu
[2017-08-18 14:57:36.413] [INFO] debug - 
Outgoing Telegram message >>>
 -name    : Wawan Setiawan
 -user id : wsetiawann
 -msg     : Detek Bahasa : fr
=> itu
[2017-08-18 14:57:36.425] [INFO] debug - 
Outgoing Telegram message >>>
 -name    : Wawan Setiawan
 -user id : wsetiawann
 -msg     : Detek Bahasa : fr
=> itu
[2017-08-18 14:57:37.318] [INFO] debug - 
Outgoing Telegram message >>>
 -name    : Wawan Setiawan
 -user id : wsetiawann
 -msg     : Detek Bahasa : fr
=> itu
[2017-08-18 14:57:37.340] [INFO] debug - 
Outgoing Telegram message >>>
 -name    : Wawan Setiawan
 -user id : wsetiawann
 -msg     : Detek Bahasa : fr
=> itu
[2017-08-18 15:00:21.369] [INFO] debug - 
Incomming Telegram message <<< 
 -name    : Wawan Setiawan
 -user id : wsetiawann
 -msg     : /t goat
[2017-08-18 15:00:22.180] [INFO] debug - 
Incomming Telegram message <<< 
 -name    : Wawan Setiawan
 -user id : wsetiawann
 -msg     : /t goat
[2017-08-18 15:00:22.186] [INFO] debug - 
Incomming Telegram message <<< 
 -name    : Wawan Setiawan
 -user id : wsetiawann
 -msg     : /t goat
[2017-08-18 15:00:22.189] [INFO] debug - 
Incomming Telegram message <<< 
 -name    : Wawan Setiawan
 -user id : wsetiawann
 -msg     : /t goat
[2017-08-18 15:00:22.191] [INFO] debug - 
Incomming Telegram message <<< 
 -name    : Wawan Setiawan
 -user id : wsetiawann
 -msg     : /t goat
[2017-08-18 15:00:25.077] [INFO] debug - 
Outgoing Telegram message >>>
 -name    : Wawan Setiawan
 -user id : wsetiawann
 -msg     : Detek Bahasa : en
=> kambing
[2017-08-18 15:00:25.104] [INFO] debug - 
Incomming Telegram message <<< 
 -name    : Wawan Setiawan
 -user id : wsetiawann
 -msg     : /t goat
[2017-08-18 15:00:25.105] [INFO] debug - 
Incomming Telegram message <<< 
 -name    : Wawan Setiawan
 -user id : wsetiawann
 -msg     : /t goat
[2017-08-18 15:00:25.106] [INFO] debug - 
Incomming Telegram message <<< 
 -name    : Wawan Setiawan
 -user id : wsetiawann
 -msg     : /t goat
[2017-08-18 15:00:25.277] [INFO] debug - 
Outgoing Telegram message >>>
 -name    : Wawan Setiawan
 -user id : wsetiawann
 -msg     : Detek Bahasa : en
=> kambing
[2017-08-18 15:00:26.693] [INFO] debug - 
Outgoing Telegram message >>>
 -name    : Wawan Setiawan
 -user id : wsetiawann
 -msg     : Detek Bahasa : en
=> kambing
[2017-08-18 15:00:28.144] [INFO] debug - 
Outgoing Telegram message >>>
 -name    : Wawan Setiawan
 -user id : wsetiawann
 -msg     : Detek Bahasa : en
=> kambing
[2017-08-18 15:00:28.490] [INFO] debug - 
Incomming Telegram message <<< 
 -name    : Wawan Setiawan
 -user id : wsetiawann
 -msg     : /t goat
[2017-08-18 15:00:28.491] [INFO] debug - 
Incomming Telegram message <<< 
 -name    : Wawan Setiawan
 -user id : wsetiawann
 -msg     : /t goat
[2017-08-18 15:00:28.492] [INFO] debug - 
Incomming Telegram message <<< 
 -name    : Wawan Setiawan
 -user id : wsetiawann
 -msg     : /t goat
[2017-08-18 15:00:28.492] [INFO] debug - 
Incomming Telegram message <<< 
 -name    : Wawan Setiawan
 -user id : wsetiawann
 -msg     : /t goat
[2017-08-18 15:00:28.493] [INFO] debug - 
Incomming Telegram message <<< 
 -name    : Wawan Setiawan
 -user id : wsetiawann
 -msg     : /t goat
[2017-08-18 15:00:28.494] [INFO] debug - 
Incomming Telegram message <<< 
 -name    : Wawan Setiawan
 -user id : wsetiawann
 -msg     : /t goat
[2017-08-18 15:00:28.494] [INFO] debug - 
Incomming Telegram message <<< 
 -name    : Wawan Setiawan
 -user id : wsetiawann
 -msg     : /t goat
[2017-08-18 15:00:28.495] [INFO] debug - 
Incomming Telegram message <<< 
 -name    : Wawan Setiawan
 -user id : wsetiawann
 -msg     : /t goat
[2017-08-18 15:00:28.496] [INFO] debug - 
Incomming Telegram message <<< 
 -name    : Wawan Setiawan
 -user id : wsetiawann
 -msg     : /t goat
[2017-08-18 15:00:28.497] [INFO] debug - 
Incomming Telegram message <<< 
 -name    : Wawan Setiawan
 -user id : wsetiawann
 -msg     : /t goat
[2017-08-18 15:00:28.497] [INFO] debug - 
Incomming Telegram message <<< 
 -name    : Wawan Setiawan
 -user id : wsetiawann
 -msg     : /t goat
[2017-08-18 15:00:28.498] [INFO] debug - 
Incomming Telegram message <<< 
 -name    : Wawan Setiawan
 -user id : wsetiawann
 -msg     : /t goat
[2017-08-18 15:00:28.499] [INFO] debug - 
Incomming Telegram message <<< 
 -name    : Wawan Setiawan
 -user id : wsetiawann
 -msg     : /t goat
[2017-08-18 15:00:28.500] [INFO] debug - 
Incomming Telegram message <<< 
 -name    : Wawan Setiawan
 -user id : wsetiawann
 -msg     : /t goat
[2017-08-18 15:00:29.278] [INFO] debug - 
Incomming Telegram message <<< 
 -name    : Wawan Setiawan
 -user id : wsetiawann
 -msg     : /t goat
[2017-08-18 15:00:29.718] [INFO] debug - 
Outgoing Telegram message >>>
 -name    : Wawan Setiawan
 -user id : wsetiawann
 -msg     : Detek Bahasa : en
=> kambing
[2017-08-18 15:00:29.737] [INFO] debug - 
Outgoing Telegram message >>>
 -name    : Wawan Setiawan
 -user id : wsetiawann
 -msg     : Detek Bahasa : en
=> kambing
[2017-08-18 15:00:29.746] [INFO] debug - 
Outgoing Telegram message >>>
 -name    : Wawan Setiawan
 -user id : wsetiawann
 -msg     : Detek Bahasa : en
=> kambing
[2017-08-18 15:00:30.048] [INFO] debug - 
Outgoing Telegram message >>>
 -name    : Wawan Setiawan
 -user id : wsetiawann
 -msg     : Detek Bahasa : en
=> kambing
[2017-08-18 15:00:30.077] [INFO] debug - 
Outgoing Telegram message >>>
 -name    : Wawan Setiawan
 -user id : wsetiawann
 -msg     : Detek Bahasa : en
=> kambing
[2017-08-18 15:00:30.090] [INFO] debug - 
Outgoing Telegram message >>>
 -name    : Wawan Setiawan
 -user id : wsetiawann
 -msg     : Detek Bahasa : en
=> kambing
[2017-08-18 15:00:31.437] [INFO] debug - 
Outgoing Telegram message >>>
 -name    : Wawan Setiawan
 -user id : wsetiawann
 -msg     : Detek Bahasa : en
=> kambing
[2017-08-18 15:00:32.155] [INFO] debug - 
Outgoing Telegram message >>>
 -name    : Wawan Setiawan
 -user id : wsetiawann
 -msg     : Detek Bahasa : en
=> kambing
[2017-08-18 15:00:32.591] [INFO] debug - 
Outgoing Telegram message >>>
 -name    : Wawan Setiawan
 -user id : wsetiawann
 -msg     : Detek Bahasa : en
=> kambing
[2017-08-18 15:00:32.737] [INFO] debug - 
Outgoing Telegram message >>>
 -name    : Wawan Setiawan
 -user id : wsetiawann
 -msg     : Detek Bahasa : en
=> kambing
[2017-08-18 15:00:32.767] [INFO] debug - 
Outgoing Telegram message >>>
 -name    : Wawan Setiawan
 -user id : wsetiawann
 -msg     : Detek Bahasa : en
=> kambing
[2017-08-18 15:00:32.846] [INFO] debug - 
Outgoing Telegram message >>>
 -name    : Wawan Setiawan
 -user id : wsetiawann
 -msg     : Detek Bahasa : en
=> kambing
[2017-08-18 15:00:33.278] [INFO] debug - 
Outgoing Telegram message >>>
 -name    : Wawan Setiawan
 -user id : wsetiawann
 -msg     : Detek Bahasa : en
=> kambing
[2017-08-18 15:00:33.897] [INFO] debug - 
Outgoing Telegram message >>>
 -name    : Wawan Setiawan
 -user id : wsetiawann
 -msg     : Detek Bahasa : en
=> kambing
[2017-08-18 15:00:34.485] [INFO] debug - 
Outgoing Telegram message >>>
 -name    : Wawan Setiawan
 -user id : wsetiawann
 -msg     : Detek Bahasa : en
=> kambing
[2017-08-18 15:00:34.588] [INFO] debug - 
Outgoing Telegram message >>>
 -name    : Wawan Setiawan
 -user id : wsetiawann
 -msg     : Detek Bahasa : en
=> kambing
[2017-08-18 15:00:34.791] [INFO] debug - 
Outgoing Telegram message >>>
 -name    : Wawan Setiawan
 -user id : wsetiawann
 -msg     : Detek Bahasa : en
=> kambing
[2017-08-18 15:00:38.309] [INFO] debug - 
Outgoing Telegram message >>>
 -name    : Wawan Setiawan
 -user id : wsetiawann
 -msg     : Detek Bahasa : en
=> kambing
[2017-08-18 15:01:04.097] [INFO] debug - 
Incomming Telegram message <<< 
 -name    : Wawan Setiawan
 -user id : wsetiawann
 -msg     : /t goat
[2017-08-18 15:01:05.384] [INFO] debug - 
Outgoing Telegram message >>>
 -name    : Wawan Setiawan
 -user id : wsetiawann
 -msg     : Detek Bahasa : en
=> kambing
[2017-08-18 16:01:35.997] [INFO] debug - 
Incomming Telegram message <<< 
 -name    : Wawan Setiawan
 -user id : wsetiawann
 -msg     : /start

[2017-08-18 16:01:36.003] [INFO] debug - 
Outgoing Telegram message >>>
 -name    : Wawan Setiawan
 -user id : wsetiawann
 -msg     : Hai Wawan

Selamat datang di Bot Translate Indonesia 
silakan ketik kalimat yang akan di translate dengan command seperti dibawah ini
  <code>/t </code>   : translate detek otomatis ke bahasa Indonesia
              contoh => <code>/t goat</code> 
  <code>/ti </code> : translate dari bahasa Inggris ke bahasa Indonesia
              contoh => <code>/ti goat</code> 
  <code>/te </code> : translate dari bahasa Indonesia ke bahasa Inggris
              contoh => <code>/te kambing</code> 

untuk bantuan daftar command silakan ketik <code>/help </code>

ada feedback ? pertanyan ? lapor bugs ? dan lainnya silakan gunakan command <code>/feedback [feedback_anda] </code> 
atau email ke <code>translateid.telegram.bot@gmail.com</code>

suka dengan bot ini ? silakan beri rating di https://storebot.me/bot/translateid_bot 

-----------------------------------------

Welcome to Bot Translate Indonesia
Please type a sentence that will be in translate with command like below
  <code>/t </code>   : translate automatic detect to Indonesian
              example => <code>/t goat</code> 
  <code>/ti </code> : translate from English to Indonesian
              example => <code>/ti goat</code> 
  <code>/te </code> : translate from Indonesian to English
              example => <code>/te kambing</code> 

For help list command please type <code>/help </code>

Question? Report bugs? And others just type command <code>/feedback [your_feedback] </code> 
or email to <code>translateid.telegram.bot@gmail.com</code>

Like this bot? Please rate it at https://storebot.me/bot/translateid_bot 

Enjoy your life.. @TranslateID_Bot

[2017-08-18 16:01:36.004] [INFO] debug - Checking chat id 118187666 on database
[2017-08-18 16:02:23.380] [INFO] debug - 
Incomming Telegram message <<< 
 -name    : Wawan Setiawan
 -user id : wsetiawann
 -msg     : /start

[2017-08-18 16:03:26.729] [INFO] debug - 
Incomming Telegram message <<< 
 -name    : Wawan Setiawan
 -user id : wsetiawann
 -msg     : /start

[2017-08-18 16:03:26.738] [INFO] debug - 
Outgoing Telegram message >>>
 -name    : Wawan Setiawan
 -user id : wsetiawann
 -msg     : Hai Wawan

Selamat datang di Bot Translate Indonesia 
silakan ketik kalimat yang akan di translate dengan command seperti dibawah ini
  <code>/t </code>   : translate detek otomatis ke bahasa Indonesia
              contoh => <code>/t goat</code> 
  <code>/ti </code> : translate dari bahasa Inggris ke bahasa Indonesia
              contoh => <code>/ti goat</code> 
  <code>/te </code> : translate dari bahasa Indonesia ke bahasa Inggris
              contoh => <code>/te kambing</code> 

untuk bantuan daftar command silakan ketik <code>/help </code>

ada feedback ? pertanyan ? lapor bugs ? dan lainnya silakan gunakan command <code>/feedback [feedback_anda] </code> 
atau email ke <code>translateid.telegram.bot@gmail.com</code>

suka dengan bot ini ? silakan beri rating di https://storebot.me/bot/translateid_bot 

-----------------------------------------

Welcome to Bot Translate Indonesia
Please type a sentence that will be in translate with command like below
  <code>/t </code>   : translate automatic detect to Indonesian
              example => <code>/t goat</code> 
  <code>/ti </code> : translate from English to Indonesian
              example => <code>/ti goat</code> 
  <code>/te </code> : translate from Indonesian to English
              example => <code>/te kambing</code> 

For help list command please type <code>/help </code>

Question? Report bugs? And others just type command <code>/feedback [your_feedback] </code> 
or email to <code>translateid.telegram.bot@gmail.com</code>

Like this bot? Please rate it at https://storebot.me/bot/translateid_bot 

Enjoy your life.. @TranslateID_Bot

[2017-08-18 16:03:26.739] [INFO] debug - Checking chat id 118187666 on database
[2017-08-18 16:06:08.353] [INFO] debug - 
Incomming Telegram message <<< 
 -name    : Wawan Setiawan
 -user id : wsetiawann
 -msg     : /start

[2017-08-18 16:06:08.360] [INFO] debug - 
Outgoing Telegram message >>>
 -name    : Wawan Setiawan
 -user id : wsetiawann
 -msg     : Hai Wawan

Selamat datang di Bot Translate Indonesia 
silakan ketik kalimat yang akan di translate dengan command seperti dibawah ini
  <code>/t </code>   : translate detek otomatis ke bahasa Indonesia
              contoh => <code>/t goat</code> 
  <code>/ti </code> : translate dari bahasa Inggris ke bahasa Indonesia
              contoh => <code>/ti goat</code> 
  <code>/te </code> : translate dari bahasa Indonesia ke bahasa Inggris
              contoh => <code>/te kambing</code> 

untuk bantuan daftar command silakan ketik <code>/help </code>

ada feedback ? pertanyan ? lapor bugs ? dan lainnya silakan gunakan command <code>/feedback [feedback_anda] </code> 
atau email ke <code>translateid.telegram.bot@gmail.com</code>

suka dengan bot ini ? silakan beri rating di https://storebot.me/bot/translateid_bot 

-----------------------------------------

Welcome to Bot Translate Indonesia
Please type a sentence that will be in translate with command like below
  <code>/t </code>   : translate automatic detect to Indonesian
              example => <code>/t goat</code> 
  <code>/ti </code> : translate from English to Indonesian
              example => <code>/ti goat</code> 
  <code>/te </code> : translate from Indonesian to English
              example => <code>/te kambing</code> 

For help list command please type <code>/help </code>

Question? Report bugs? And others just type command <code>/feedback [your_feedback] </code> 
or email to <code>translateid.telegram.bot@gmail.com</code>

Like this bot? Please rate it at https://storebot.me/bot/translateid_bot 

Enjoy your life.. @TranslateID_Bot

[2017-08-18 16:06:08.361] [INFO] debug - Checking chat id 118187666 on database
[2017-08-18 16:09:53.396] [INFO] debug - 
Incomming Telegram message <<< 
 -name    : Wawan Setiawan
 -user id : wsetiawann
 -msg     : /start

[2017-08-18 16:09:53.403] [INFO] debug - 
Outgoing Telegram message >>>
 -name    : Wawan Setiawan
 -user id : wsetiawann
 -msg     : Hai Wawan

Selamat datang di Bot Translate Indonesia 
silakan ketik kalimat yang akan di translate dengan command seperti dibawah ini
  <code>/t </code>   : translate detek otomatis ke bahasa Indonesia
              contoh => <code>/t goat</code> 
  <code>/ti </code> : translate dari bahasa Inggris ke bahasa Indonesia
              contoh => <code>/ti goat</code> 
  <code>/te </code> : translate dari bahasa Indonesia ke bahasa Inggris
              contoh => <code>/te kambing</code> 

untuk bantuan daftar command silakan ketik <code>/help </code>

ada feedback ? pertanyan ? lapor bugs ? dan lainnya silakan gunakan command <code>/feedback [feedback_anda] </code> 
atau email ke <code>translateid.telegram.bot@gmail.com</code>

suka dengan bot ini ? silakan beri rating di https://storebot.me/bot/translateid_bot 

-----------------------------------------

Welcome to Bot Translate Indonesia
Please type a sentence that will be in translate with command like below
  <code>/t </code>   : translate automatic detect to Indonesian
              example => <code>/t goat</code> 
  <code>/ti </code> : translate from English to Indonesian
              example => <code>/ti goat</code> 
  <code>/te </code> : translate from Indonesian to English
              example => <code>/te kambing</code> 

For help list command please type <code>/help </code>

Question? Report bugs? And others just type command <code>/feedback [your_feedback] </code> 
or email to <code>translateid.telegram.bot@gmail.com</code>

Like this bot? Please rate it at https://storebot.me/bot/translateid_bot 

Enjoy your life.. @TranslateID_Bot

[2017-08-18 16:09:53.404] [INFO] debug - Checking chat id 118187666 on database
[2017-08-18 16:10:06.449] [INFO] debug - success insert chat id118187666 to database
[2017-08-18 16:10:32.748] [INFO] debug - 
Incomming Telegram message <<< 
 -name    : Wawan Setiawan
 -user id : wsetiawann
 -msg     : /start

[2017-08-18 16:10:32.751] [INFO] debug - 
Outgoing Telegram message >>>
 -name    : Wawan Setiawan
 -user id : wsetiawann
 -msg     : Hai Wawan

Selamat datang di Bot Translate Indonesia 
silakan ketik kalimat yang akan di translate dengan command seperti dibawah ini
  <code>/t </code>   : translate detek otomatis ke bahasa Indonesia
              contoh => <code>/t goat</code> 
  <code>/ti </code> : translate dari bahasa Inggris ke bahasa Indonesia
              contoh => <code>/ti goat</code> 
  <code>/te </code> : translate dari bahasa Indonesia ke bahasa Inggris
              contoh => <code>/te kambing</code> 

untuk bantuan daftar command silakan ketik <code>/help </code>

ada feedback ? pertanyan ? lapor bugs ? dan lainnya silakan gunakan command <code>/feedback [feedback_anda] </code> 
atau email ke <code>translateid.telegram.bot@gmail.com</code>

suka dengan bot ini ? silakan beri rating di https://storebot.me/bot/translateid_bot 

-----------------------------------------

Welcome to Bot Translate Indonesia
Please type a sentence that will be in translate with command like below
  <code>/t </code>   : translate automatic detect to Indonesian
              example => <code>/t goat</code> 
  <code>/ti </code> : translate from English to Indonesian
              example => <code>/ti goat</code> 
  <code>/te </code> : translate from Indonesian to English
              example => <code>/te kambing</code> 

For help list command please type <code>/help </code>

Question? Report bugs? And others just type command <code>/feedback [your_feedback] </code> 
or email to <code>translateid.telegram.bot@gmail.com</code>

Like this bot? Please rate it at https://storebot.me/bot/translateid_bot 

Enjoy your life.. @TranslateID_Bot

[2017-08-18 16:10:32.752] [INFO] debug - Checking chat id 118187666 on database
[2017-08-18 16:10:41.690] [INFO] debug - success insert chat id118187666 to database
[2017-08-18 16:11:39.070] [INFO] debug - 
Incomming Telegram message <<< 
 -name    : Wawan Setiawan
 -user id : wsetiawann
 -msg     : /start

[2017-08-18 16:11:39.072] [INFO] debug - 
Outgoing Telegram message >>>
 -name    : Wawan Setiawan
 -user id : wsetiawann
 -msg     : Hai Wawan

Selamat datang di Bot Translate Indonesia 
silakan ketik kalimat yang akan di translate dengan command seperti dibawah ini
  <code>/t </code>   : translate detek otomatis ke bahasa Indonesia
              contoh => <code>/t goat</code> 
  <code>/ti </code> : translate dari bahasa Inggris ke bahasa Indonesia
              contoh => <code>/ti goat</code> 
  <code>/te </code> : translate dari bahasa Indonesia ke bahasa Inggris
              contoh => <code>/te kambing</code> 

untuk bantuan daftar command silakan ketik <code>/help </code>

ada feedback ? pertanyan ? lapor bugs ? dan lainnya silakan gunakan command <code>/feedback [feedback_anda] </code> 
atau email ke <code>translateid.telegram.bot@gmail.com</code>

suka dengan bot ini ? silakan beri rating di https://storebot.me/bot/translateid_bot 

-----------------------------------------

Welcome to Bot Translate Indonesia
Please type a sentence that will be in translate with command like below
  <code>/t </code>   : translate automatic detect to Indonesian
              example => <code>/t goat</code> 
  <code>/ti </code> : translate from English to Indonesian
              example => <code>/ti goat</code> 
  <code>/te </code> : translate from Indonesian to English
              example => <code>/te kambing</code> 

For help list command please type <code>/help </code>

Question? Report bugs? And others just type command <code>/feedback [your_feedback] </code> 
or email to <code>translateid.telegram.bot@gmail.com</code>

Like this bot? Please rate it at https://storebot.me/bot/translateid_bot 

Enjoy your life.. @TranslateID_Bot

[2017-08-18 16:11:39.073] [INFO] debug - Checking chat id 118187666 on database
[2017-08-18 16:12:55.794] [INFO] debug - 
Incomming Telegram message <<< 
 -name    : Wawan Setiawan
 -user id : wsetiawann
 -msg     : /start

[2017-08-18 16:12:55.800] [INFO] debug - 
Outgoing Telegram message >>>
 -name    : Wawan Setiawan
 -user id : wsetiawann
 -msg     : Hai Wawan

Selamat datang di Bot Translate Indonesia 
silakan ketik kalimat yang akan di translate dengan command seperti dibawah ini
  <code>/t </code>   : translate detek otomatis ke bahasa Indonesia
              contoh => <code>/t goat</code> 
  <code>/ti </code> : translate dari bahasa Inggris ke bahasa Indonesia
              contoh => <code>/ti goat</code> 
  <code>/te </code> : translate dari bahasa Indonesia ke bahasa Inggris
              contoh => <code>/te kambing</code> 

untuk bantuan daftar command silakan ketik <code>/help </code>

ada feedback ? pertanyan ? lapor bugs ? dan lainnya silakan gunakan command <code>/feedback [feedback_anda] </code> 
atau email ke <code>translateid.telegram.bot@gmail.com</code>

suka dengan bot ini ? silakan beri rating di https://storebot.me/bot/translateid_bot 

-----------------------------------------

Welcome to Bot Translate Indonesia
Please type a sentence that will be in translate with command like below
  <code>/t </code>   : translate automatic detect to Indonesian
              example => <code>/t goat</code> 
  <code>/ti </code> : translate from English to Indonesian
              example => <code>/ti goat</code> 
  <code>/te </code> : translate from Indonesian to English
              example => <code>/te kambing</code> 

For help list command please type <code>/help </code>

Question? Report bugs? And others just type command <code>/feedback [your_feedback] </code> 
or email to <code>translateid.telegram.bot@gmail.com</code>

Like this bot? Please rate it at https://storebot.me/bot/translateid_bot 

Enjoy your life.. @TranslateID_Bot

[2017-08-18 16:12:55.801] [INFO] debug - Checking chat id 118187666 on database
[2017-08-18 16:13:28.321] [INFO] debug - 
Incomming Telegram message <<< 
 -name    : Wawan Setiawan
 -user id : wsetiawann
 -msg     : /start

[2017-08-18 16:13:28.323] [INFO] debug - 
Outgoing Telegram message >>>
 -name    : Wawan Setiawan
 -user id : wsetiawann
 -msg     : Hai Wawan

Selamat datang di Bot Translate Indonesia 
silakan ketik kalimat yang akan di translate dengan command seperti dibawah ini
  <code>/t </code>   : translate detek otomatis ke bahasa Indonesia
              contoh => <code>/t goat</code> 
  <code>/ti </code> : translate dari bahasa Inggris ke bahasa Indonesia
              contoh => <code>/ti goat</code> 
  <code>/te </code> : translate dari bahasa Indonesia ke bahasa Inggris
              contoh => <code>/te kambing</code> 

untuk bantuan daftar command silakan ketik <code>/help </code>

ada feedback ? pertanyan ? lapor bugs ? dan lainnya silakan gunakan command <code>/feedback [feedback_anda] </code> 
atau email ke <code>translateid.telegram.bot@gmail.com</code>

suka dengan bot ini ? silakan beri rating di https://storebot.me/bot/translateid_bot 

-----------------------------------------

Welcome to Bot Translate Indonesia
Please type a sentence that will be in translate with command like below
  <code>/t </code>   : translate automatic detect to Indonesian
              example => <code>/t goat</code> 
  <code>/ti </code> : translate from English to Indonesian
              example => <code>/ti goat</code> 
  <code>/te </code> : translate from Indonesian to English
              example => <code>/te kambing</code> 

For help list command please type <code>/help </code>

Question? Report bugs? And others just type command <code>/feedback [your_feedback] </code> 
or email to <code>translateid.telegram.bot@gmail.com</code>

Like this bot? Please rate it at https://storebot.me/bot/translateid_bot 

Enjoy your life.. @TranslateID_Bot

[2017-08-18 16:13:28.324] [INFO] debug - Checking chat id 118187666 on database
[2017-08-18 16:13:55.008] [INFO] debug - 
Incomming Telegram message <<< 
 -name    : Wawan Setiawan
 -user id : wsetiawann
 -msg     : /start

[2017-08-18 16:13:55.010] [INFO] debug - 
Outgoing Telegram message >>>
 -name    : Wawan Setiawan
 -user id : wsetiawann
 -msg     : Hai Wawan

Selamat datang di Bot Translate Indonesia 
silakan ketik kalimat yang akan di translate dengan command seperti dibawah ini
  <code>/t </code>   : translate detek otomatis ke bahasa Indonesia
              contoh => <code>/t goat</code> 
  <code>/ti </code> : translate dari bahasa Inggris ke bahasa Indonesia
              contoh => <code>/ti goat</code> 
  <code>/te </code> : translate dari bahasa Indonesia ke bahasa Inggris
              contoh => <code>/te kambing</code> 

untuk bantuan daftar command silakan ketik <code>/help </code>

ada feedback ? pertanyan ? lapor bugs ? dan lainnya silakan gunakan command <code>/feedback [feedback_anda] </code> 
atau email ke <code>translateid.telegram.bot@gmail.com</code>

suka dengan bot ini ? silakan beri rating di https://storebot.me/bot/translateid_bot 

-----------------------------------------

Welcome to Bot Translate Indonesia
Please type a sentence that will be in translate with command like below
  <code>/t </code>   : translate automatic detect to Indonesian
              example => <code>/t goat</code> 
  <code>/ti </code> : translate from English to Indonesian
              example => <code>/ti goat</code> 
  <code>/te </code> : translate from Indonesian to English
              example => <code>/te kambing</code> 

For help list command please type <code>/help </code>

Question? Report bugs? And others just type command <code>/feedback [your_feedback] </code> 
or email to <code>translateid.telegram.bot@gmail.com</code>

Like this bot? Please rate it at https://storebot.me/bot/translateid_bot 

Enjoy your life.. @TranslateID_Bot

[2017-08-18 16:13:55.010] [INFO] debug - Checking chat id 118187666 on database
[2017-08-18 16:15:10.516] [INFO] debug - 
Incomming Telegram message <<< 
 -name    : Wawan Setiawan
 -user id : wsetiawann
 -msg     : /start

[2017-08-18 16:15:10.524] [INFO] debug - 
Outgoing Telegram message >>>
 -name    : Wawan Setiawan
 -user id : wsetiawann
 -msg     : Hai Wawan

Selamat datang di Bot Translate Indonesia 
silakan ketik kalimat yang akan di translate dengan command seperti dibawah ini
  <code>/t </code>   : translate detek otomatis ke bahasa Indonesia
              contoh => <code>/t goat</code> 
  <code>/ti </code> : translate dari bahasa Inggris ke bahasa Indonesia
              contoh => <code>/ti goat</code> 
  <code>/te </code> : translate dari bahasa Indonesia ke bahasa Inggris
              contoh => <code>/te kambing</code> 

untuk bantuan daftar command silakan ketik <code>/help </code>

ada feedback ? pertanyan ? lapor bugs ? dan lainnya silakan gunakan command <code>/feedback [feedback_anda] </code> 
atau email ke <code>translateid.telegram.bot@gmail.com</code>

suka dengan bot ini ? silakan beri rating di https://storebot.me/bot/translateid_bot 

-----------------------------------------

Welcome to Bot Translate Indonesia
Please type a sentence that will be in translate with command like below
  <code>/t </code>   : translate automatic detect to Indonesian
              example => <code>/t goat</code> 
  <code>/ti </code> : translate from English to Indonesian
              example => <code>/ti goat</code> 
  <code>/te </code> : translate from Indonesian to English
              example => <code>/te kambing</code> 

For help list command please type <code>/help </code>

Question? Report bugs? And others just type command <code>/feedback [your_feedback] </code> 
or email to <code>translateid.telegram.bot@gmail.com</code>

Like this bot? Please rate it at https://storebot.me/bot/translateid_bot 

Enjoy your life.. @TranslateID_Bot

[2017-08-18 16:15:10.525] [INFO] debug - Checking chat id 118187666 on database
[2017-08-18 16:15:54.053] [INFO] debug - success insert chat id 118187666 to database
[2017-08-18 16:15:54.057] [INFO] debug - 
Incomming Telegram message <<< 
 -name    : Wawan Setiawan
 -user id : wsetiawann
 -msg     : /start

[2017-08-18 16:15:54.060] [INFO] debug - 
Outgoing Telegram message >>>
 -name    : Wawan Setiawan
 -user id : wsetiawann
 -msg     : Hai Wawan

Selamat datang di Bot Translate Indonesia 
silakan ketik kalimat yang akan di translate dengan command seperti dibawah ini
  <code>/t </code>   : translate detek otomatis ke bahasa Indonesia
              contoh => <code>/t goat</code> 
  <code>/ti </code> : translate dari bahasa Inggris ke bahasa Indonesia
              contoh => <code>/ti goat</code> 
  <code>/te </code> : translate dari bahasa Indonesia ke bahasa Inggris
              contoh => <code>/te kambing</code> 

untuk bantuan daftar command silakan ketik <code>/help </code>

ada feedback ? pertanyan ? lapor bugs ? dan lainnya silakan gunakan command <code>/feedback [feedback_anda] </code> 
atau email ke <code>translateid.telegram.bot@gmail.com</code>

suka dengan bot ini ? silakan beri rating di https://storebot.me/bot/translateid_bot 

-----------------------------------------

Welcome to Bot Translate Indonesia
Please type a sentence that will be in translate with command like below
  <code>/t </code>   : translate automatic detect to Indonesian
              example => <code>/t goat</code> 
  <code>/ti </code> : translate from English to Indonesian
              example => <code>/ti goat</code> 
  <code>/te </code> : translate from Indonesian to English
              example => <code>/te kambing</code> 

For help list command please type <code>/help </code>

Question? Report bugs? And others just type command <code>/feedback [your_feedback] </code> 
or email to <code>translateid.telegram.bot@gmail.com</code>

Like this bot? Please rate it at https://storebot.me/bot/translateid_bot 

Enjoy your life.. @TranslateID_Bot

[2017-08-18 16:15:54.060] [INFO] debug - Checking chat id 118187666 on database
[2017-08-18 16:16:25.217] [INFO] debug - 
Incomming Telegram message <<< 
 -name    : Wawan Setiawan
 -user id : wsetiawann
 -msg     : /start

[2017-08-18 16:16:25.220] [INFO] debug - 
Outgoing Telegram message >>>
 -name    : Wawan Setiawan
 -user id : wsetiawann
 -msg     : Hai Wawan

Selamat datang di Bot Translate Indonesia 
silakan ketik kalimat yang akan di translate dengan command seperti dibawah ini
  <code>/t </code>   : translate detek otomatis ke bahasa Indonesia
              contoh => <code>/t goat</code> 
  <code>/ti </code> : translate dari bahasa Inggris ke bahasa Indonesia
              contoh => <code>/ti goat</code> 
  <code>/te </code> : translate dari bahasa Indonesia ke bahasa Inggris
              contoh => <code>/te kambing</code> 

untuk bantuan daftar command silakan ketik <code>/help </code>

ada feedback ? pertanyan ? lapor bugs ? dan lainnya silakan gunakan command <code>/feedback [feedback_anda] </code> 
atau email ke <code>translateid.telegram.bot@gmail.com</code>

suka dengan bot ini ? silakan beri rating di https://storebot.me/bot/translateid_bot 

-----------------------------------------

Welcome to Bot Translate Indonesia
Please type a sentence that will be in translate with command like below
  <code>/t </code>   : translate automatic detect to Indonesian
              example => <code>/t goat</code> 
  <code>/ti </code> : translate from English to Indonesian
              example => <code>/ti goat</code> 
  <code>/te </code> : translate from Indonesian to English
              example => <code>/te kambing</code> 

For help list command please type <code>/help </code>

Question? Report bugs? And others just type command <code>/feedback [your_feedback] </code> 
or email to <code>translateid.telegram.bot@gmail.com</code>

Like this bot? Please rate it at https://storebot.me/bot/translateid_bot 

Enjoy your life.. @TranslateID_Bot

[2017-08-18 16:16:25.220] [INFO] debug - Checking chat id 118187666 on database
[2017-08-18 16:16:36.704] [INFO] debug - success insert chat id 118187666 to database
[2017-08-18 16:17:04.977] [INFO] debug - 
Incomming Telegram message <<< 
 -name    : Wawan Setiawan
 -user id : wsetiawann
 -msg     : /start

[2017-08-18 16:17:04.980] [INFO] debug - 
Outgoing Telegram message >>>
 -name    : Wawan Setiawan
 -user id : wsetiawann
 -msg     : Hai Wawan

Selamat datang di Bot Translate Indonesia 
silakan ketik kalimat yang akan di translate dengan command seperti dibawah ini
  <code>/t </code>   : translate detek otomatis ke bahasa Indonesia
              contoh => <code>/t goat</code> 
  <code>/ti </code> : translate dari bahasa Inggris ke bahasa Indonesia
              contoh => <code>/ti goat</code> 
  <code>/te </code> : translate dari bahasa Indonesia ke bahasa Inggris
              contoh => <code>/te kambing</code> 

untuk bantuan daftar command silakan ketik <code>/help </code>

ada feedback ? pertanyan ? lapor bugs ? dan lainnya silakan gunakan command <code>/feedback [feedback_anda] </code> 
atau email ke <code>translateid.telegram.bot@gmail.com</code>

suka dengan bot ini ? silakan beri rating di https://storebot.me/bot/translateid_bot 

-----------------------------------------

Welcome to Bot Translate Indonesia
Please type a sentence that will be in translate with command like below
  <code>/t </code>   : translate automatic detect to Indonesian
              example => <code>/t goat</code> 
  <code>/ti </code> : translate from English to Indonesian
              example => <code>/ti goat</code> 
  <code>/te </code> : translate from Indonesian to English
              example => <code>/te kambing</code> 

For help list command please type <code>/help </code>

Question? Report bugs? And others just type command <code>/feedback [your_feedback] </code> 
or email to <code>translateid.telegram.bot@gmail.com</code>

Like this bot? Please rate it at https://storebot.me/bot/translateid_bot 

Enjoy your life.. @TranslateID_Bot

[2017-08-18 16:17:04.980] [INFO] debug - Checking chat id 118187666 on database
[2017-08-18 16:49:16.616] [INFO] debug - http://127.0.0.1:9003/ws/login
[2017-08-18 16:49:16.619] [INFO] debug - Param 1. message_type             : login
[2017-08-18 16:49:16.619] [INFO] debug - Param 2. user_id                  : wantox86
[2017-08-18 16:49:16.620] [INFO] debug - Param 3. user_pass                : kambing86
[2017-08-18 16:49:16.620] [INFO] debug - 

[2017-08-18 16:49:17.179] [INFO] debug - Reply : 
{
    "MessageType": "login",
    "trx": {
        "response.code": 0,
        "response.description": "Successful"
    },
    "Token": "eyJhbGciOiJIUzI1NiIsInR5cCI6IkpXVCJ9.eyJ1c2VyaWQiOiJ3YW50b3g4NiIsInVzZXJwYXNzIjoia2FtYmluZzg2IiwiaWF0IjoxNTAzMDQ5NzU3LCJleHAiOjE1MDMwNTExOTd9.ukv43NfJWG3xC-bzA9Ypo6-u8ldbyjQZ2NcJ6jZkFNk"
}
[2017-08-18 16:51:34.213] [INFO] debug - http://127.0.0.1:9003/ws/login
[2017-08-18 16:51:34.214] [INFO] debug - Param 1. token                    : eyJhbGciOiJIUzI1NiIsInR5cCI6IkpXVCJ9.eyJ1c2VyaWQiOiJ3YW50b3g4NiIsInVzZXJwYXNzIjoia2FtYmluZzg2IiwiaWF0IjoxNTAzMDQ5NzU3LCJleHAiOjE1MDMwNTExOTd9.ukv43NfJWG3xC-bzA9Ypo6-u8ldbyjQZ2NcJ6jZkFNk
[2017-08-18 16:51:34.214] [INFO] debug - Param 2. message_content          : sudah tahu belum, manggis ada extractnya lho....
[2017-08-18 16:51:34.214] [INFO] debug - 

[2017-08-18 16:52:35.413] [INFO] debug - http://127.0.0.1:9003/ws/login
[2017-08-18 16:52:35.413] [INFO] debug - Param 1. token                    : eyJhbGciOiJIUzI1NiIsInR5cCI6IkpXVCJ9.eyJ1c2VyaWQiOiJ3YW50b3g4NiIsInVzZXJwYXNzIjoia2FtYmluZzg2IiwiaWF0IjoxNTAzMDQ5NzU3LCJleHAiOjE1MDMwNTExOTd9.ukv43NfJWG3xC-bzA9Ypo6-u8ldbyjQZ2NcJ6jZkFNk
[2017-08-18 16:52:35.414] [INFO] debug - Param 2. message_content          : sudah tahu belum, manggis ada extractnya lho....
[2017-08-18 16:52:35.414] [INFO] debug - 

[2017-08-18 16:52:42.758] [INFO] debug - http://127.0.0.1:9003/ws/login
[2017-08-18 16:52:42.758] [INFO] debug - Param 1. token                    : eyJhbGciOiJIUzI1NiIsInR5cCI6IkpXVCJ9.eyJ1c2VyaWQiOiJ3YW50b3g4NiIsInVzZXJwYXNzIjoia2FtYmluZzg2IiwiaWF0IjoxNTAzMDQ5NzU3LCJleHAiOjE1MDMwNTExOTd9.ukv43NfJWG3xC-bzA9Ypo6-u8ldbyjQZ2NcJ6jZkFNk
[2017-08-18 16:52:42.759] [INFO] debug - Param 2. message_content          : sudah tahu belum, manggis ada extractnya lho....
[2017-08-18 16:52:42.759] [INFO] debug - 

[2017-08-18 16:53:24.345] [INFO] debug - http://127.0.0.1:9003/ws/botmgt
[2017-08-18 16:53:24.346] [INFO] debug - Param 1. token                    : eyJhbGciOiJIUzI1NiIsInR5cCI6IkpXVCJ9.eyJ1c2VyaWQiOiJ3YW50b3g4NiIsInVzZXJwYXNzIjoia2FtYmluZzg2IiwiaWF0IjoxNTAzMDQ5NzU3LCJleHAiOjE1MDMwNTExOTd9.ukv43NfJWG3xC-bzA9Ypo6-u8ldbyjQZ2NcJ6jZkFNk
[2017-08-18 16:53:24.346] [INFO] debug - Param 2. message_content          : sudah tahu belum, manggis ada extractnya lho....
[2017-08-18 16:53:24.347] [INFO] debug - 

[2017-08-18 17:05:29.594] [INFO] debug - http://127.0.0.1:9003/ws/botmgt
[2017-08-18 17:05:29.597] [INFO] debug - Param 1. token                    : eyJhbGciOiJIUzI1NiIsInR5cCI6IkpXVCJ9.eyJ1c2VyaWQiOiJ3YW50b3g4NiIsInVzZXJwYXNzIjoia2FtYmluZzg2IiwiaWF0IjoxNTAzMDQ5NzU3LCJleHAiOjE1MDMwNTExOTd9.ukv43NfJWG3xC-bzA9Ypo6-u8ldbyjQZ2NcJ6jZkFNk
[2017-08-18 17:05:29.598] [INFO] debug - Param 2. message_content          : sudah tahu belum, manggis ada extractnya lho....
[2017-08-18 17:05:29.599] [INFO] debug - 

[2017-08-18 17:06:30.194] [INFO] debug - http://127.0.0.1:9003/ws/botmgt
[2017-08-18 17:06:30.197] [INFO] debug - Param 1. token                    : eyJhbGciOiJIUzI1NiIsInR5cCI6IkpXVCJ9.eyJ1c2VyaWQiOiJ3YW50b3g4NiIsInVzZXJwYXNzIjoia2FtYmluZzg2IiwiaWF0IjoxNTAzMDQ5NzU3LCJleHAiOjE1MDMwNTExOTd9.ukv43NfJWG3xC-bzA9Ypo6-u8ldbyjQZ2NcJ6jZkFNk
[2017-08-18 17:06:30.198] [INFO] debug - Param 2. message_content          : sudah tahu belum, manggis ada extractnya lho....
[2017-08-18 17:06:30.198] [INFO] debug - 

