[2017-08-15 16:38:30.997] [INFO] debug - 
Incomming Telegram message <<< 
 -name    : Wawan Setiawan
 -user id : wsetiawann
 -msg     : /ti Hai Wawan

Selamat datang di Bot Translate Indonesia 
silakan ketik kalimat yang akan di translate dengan command seperti dibawah ini
  /t    : translate detek otomatis ke bahasa Indonesia
              contoh => /t goat 
  /ti  : translate dari bahasa Inggris ke bahasa Indonesia
              contoh => /ti goat 
  /te  : translate dari bahasa Indonesia ke bahasa Inggris
              contoh => /te kambing 

untuk bantuan daftar command silakan ketik /help 

ada pertanyan ? lapor bugs ? dan lainnya silakan email ke translateid.telegram.bot@gmail.com

Enjoy your life.. @TranslateID_Bot
[2017-08-15 16:38:32.691] [INFO] debug - 
Outgoing Telegram message >>>
 -name    : Wawan Setiawan
 -user id : wsetiawann
 -msg     : Translate [en] English to [id] Indonesia
=> Hai Wawan

Selamat Datang di Bot Translate Indonesia
Silakan ketik kalimat yang akan di translate dengan perintah seperti dibawah ini
  / T: menerjemahkan detek otomatis ke bahasa indonesia
              Contoh => / t kambing
  / Ti: terjemahkan dari bahasa inggris ke bahasa indonesia
              Contoh => / ti kambing
  / Te: terjemahkan dari bahasa Indonesia ke bahasa Inggris
              Contoh => / kambing kambing

Untuk bantuan daftar perintah

Ada pertanyan Bug lapor? Dan lainnya silakan email ke translateid.telegram.bot@gmail.com

Nikmati hidupmu .. @TranslateID_Bot
[2017-08-15 16:38:55.489] [INFO] debug - 
Incomming Telegram message <<< 
 -name    : Wawan Setiawan
 -user id : wsetiawann
 -msg     : te Hai Wawan

Selamat datang di Bot Translate Indonesia 
silakan ketik kalimat yang akan di translate dengan command seperti dibawah ini
  /t    : translate detek otomatis ke bahasa Indonesia
              contoh => /t goat 
  /ti  : translate dari bahasa Inggris ke bahasa Indonesia
              contoh => /ti goat 
  /te  : translate dari bahasa Indonesia ke bahasa Inggris
              contoh => /te kambing 

untuk bantuan daftar command silakan ketik /help 

ada pertanyan ? lapor bugs ? dan lainnya silakan email ke translateid.telegram.bot@gmail.com

Enjoy your life.. @TranslateID_Bot
[2017-08-15 16:39:00.530] [INFO] debug - 
Incomming Telegram message <<< 
 -name    : Wawan Setiawan
 -user id : wsetiawann
 -msg     : /te Hai Wawan

Selamat datang di Bot Translate Indonesia 
silakan ketik kalimat yang akan di translate dengan command seperti dibawah ini
  /t    : translate detek otomatis ke bahasa Indonesia
              contoh => /t goat 
  /ti  : translate dari bahasa Inggris ke bahasa Indonesia
              contoh => /ti goat 
  /te  : translate dari bahasa Indonesia ke bahasa Inggris
              contoh => /te kambing 

untuk bantuan daftar command silakan ketik /help 

ada pertanyan ? lapor bugs ? dan lainnya silakan email ke translateid.telegram.bot@gmail.com

Enjoy your life.. @TranslateID_Bot
[2017-08-15 16:39:01.565] [INFO] debug - 
Outgoing Telegram message >>>
 -name    : Wawan Setiawan
 -user id : wsetiawann
 -msg     : Translate [id] Indonesia to [en] English
=> Hi Wawan

Welcome to Bot Translate Indonesia
Please type a sentence that will be in translate with command like below
  / T: translate automatic detect to Indonesian
              Example => / t goat
  / Ti: translate from English to Indonesian
              Example => / ti goat
  / Te: translate from Indonesian to English
              Example => / te goat

For help list command please type / help

There is a question? Report bugs? And others please email to translateid.telegram.bot@gmail.com

Enjoy your life .. @TranslateID_Bot
[2017-08-15 18:51:01.178] [INFO] debug - 
Incomming Telegram message <<< 
 -name    : Wawan Setiawan
 -user id : wsetiawann
 -msg     : /t suka dengan bot ini ? silakan beri rating di https://storebot.me/bot/translateid_bot \n\n
[2017-08-15 18:51:01.864] [INFO] debug - 
Outgoing Telegram message >>>
 -name    : Wawan Setiawan
 -user id : wsetiawann
 -msg     : Detek Bahasa : id
=> suka dengan bot ini ? silakan beri rating di https://storebot.me/bot/translateid_bot \n\n
[2017-08-15 18:51:27.940] [INFO] debug - 
Incomming Telegram message <<< 
 -name    : Wawan Setiawan
 -user id : wsetiawann
 -msg     : /ti suka dengan bot ini ? silakan beri rating di https://storebot.me/bot/translateid_bot \n\n
[2017-08-15 18:51:28.341] [INFO] debug - 
Outgoing Telegram message >>>
 -name    : Wawan Setiawan
 -user id : wsetiawann
 -msg     : Translate [en] English to [id] Indonesia
=> Suka dengan bot ini? Beri beri rating di https://storebot.me/bot/translateid_bot \ n \ n
[2017-08-15 18:51:36.821] [INFO] debug - 
Incomming Telegram message <<< 
 -name    : Wawan Setiawan
 -user id : wsetiawann
 -msg     : /te suka dengan bot ini ? silakan beri rating di https://storebot.me/bot/translateid_bot \n\n
[2017-08-15 18:51:37.443] [INFO] debug - 
Outgoing Telegram message >>>
 -name    : Wawan Setiawan
 -user id : wsetiawann
 -msg     : Translate [id] Indonesia to [en] English
=> Like this bot? Please rate it at https://storebot.me/bot/translateid_bot \ n \ n
[2017-08-15 18:52:38.528] [INFO] debug - 
Incomming Telegram message <<< 
 -name    : Wawan Setiawan
 -user id : wsetiawann
 -msg     : /start
[2017-08-15 18:52:38.540] [INFO] debug - 
Outgoing Telegram message >>>
 -name    : Wawan Setiawan
 -user id : wsetiawann
 -msg     : Hai Wawan

Selamat datang di Bot Translate Indonesia 
silakan ketik kalimat yang akan di translate dengan command seperti dibawah ini
  <code>/t </code>   : translate detek otomatis ke bahasa Indonesia
              contoh => <code>/t goat</code> 
  <code>/ti </code> : translate dari bahasa Inggris ke bahasa Indonesia
              contoh => <code>/ti goat</code> 
  <code>/te </code> : translate dari bahasa Indonesia ke bahasa Inggris
              contoh => <code>/te kambing</code> 

untuk bantuan daftar command silakan ketik <code>/help </code>

ada feedback ? pertanyan ? lapor bugs ? dan lainnya silakan gunakan command <code>/feedback [feedback_anda] </code> 
atau email ke <code>translateid.telegram.bot@gmail.com</code>

suka dengan bot ini ? silakan beri rating di https://storebot.me/bot/translateid_bot 

-----------------------------------------------------------------------------------------Welcome to Bot Translate IndonesiaPlease type a sentence that will be in translate with command like below
  <code>/t </code>   : translate automatic detect to Indonesian
              contoh => <code>/t goat</code> 
  <code>/ti </code> : translate from English to Indonesian
              contoh => <code>/ti goat</code> 
  <code>/te </code> : translate from Indonesian to English
              contoh => <code>/te kambing</code> 

For help list command please type <code>/help </code>

question? Report bugs? And others just type command <code>/feedback [you_feedback] </code> 
or email to <code>translateid.telegram.bot@gmail.com</code>

Like this bot? Please rate it at https://storebot.me/bot/translateid_bot 

Enjoy your life.. @TranslateID_Bot
[2017-08-15 18:55:13.581] [INFO] debug - 
Incomming Telegram message <<< 
 -name    : Wawan Setiawan
 -user id : wsetiawann
 -msg     : /start
[2017-08-15 18:55:13.589] [INFO] debug - 
Outgoing Telegram message >>>
 -name    : Wawan Setiawan
 -user id : wsetiawann
 -msg     : Hai Wawan

Selamat datang di Bot Translate Indonesia 
silakan ketik kalimat yang akan di translate dengan command seperti dibawah ini
  <code>/t </code>   : translate detek otomatis ke bahasa Indonesia
              contoh => <code>/t goat</code> 
  <code>/ti </code> : translate dari bahasa Inggris ke bahasa Indonesia
              contoh => <code>/ti goat</code> 
  <code>/te </code> : translate dari bahasa Indonesia ke bahasa Inggris
              contoh => <code>/te kambing</code> 

untuk bantuan daftar command silakan ketik <code>/help </code>

ada feedback ? pertanyan ? lapor bugs ? dan lainnya silakan gunakan command <code>/feedback [feedback_anda] </code> 
atau email ke <code>translateid.telegram.bot@gmail.com</code>

suka dengan bot ini ? silakan beri rating di https://storebot.me/bot/translateid_bot 

-----------------------------------------------------------------------------------------

Welcome to Bot Translate Indonesia
Please type a sentence that will be in translate with command like below
  <code>/t </code>   : translate automatic detect to Indonesian
              contoh => <code>/t goat</code> 
  <code>/ti </code> : translate from English to Indonesian
              contoh => <code>/ti goat</code> 
  <code>/te </code> : translate from Indonesian to English
              contoh => <code>/te kambing</code> 

For help list command please type <code>/help </code>

Question? Report bugs? And others just type command <code>/feedback [you_feedback] </code> 
or email to <code>translateid.telegram.bot@gmail.com</code>

Like this bot? Please rate it at https://storebot.me/bot/translateid_bot 

Enjoy your life.. @TranslateID_Bot
[2017-08-15 18:56:22.802] [INFO] debug - 
Incomming Telegram message <<< 
 -name    : Wawan Setiawan
 -user id : wsetiawann
 -msg     : /start
[2017-08-15 18:56:22.806] [INFO] debug - 
Outgoing Telegram message >>>
 -name    : Wawan Setiawan
 -user id : wsetiawann
 -msg     : Hai Wawan

Selamat datang di Bot Translate Indonesia 
silakan ketik kalimat yang akan di translate dengan command seperti dibawah ini
  <code>/t </code>   : translate detek otomatis ke bahasa Indonesia
              contoh => <code>/t goat</code> 
  <code>/ti </code> : translate dari bahasa Inggris ke bahasa Indonesia
              contoh => <code>/ti goat</code> 
  <code>/te </code> : translate dari bahasa Indonesia ke bahasa Inggris
              contoh => <code>/te kambing</code> 

untuk bantuan daftar command silakan ketik <code>/help </code>

ada feedback ? pertanyan ? lapor bugs ? dan lainnya silakan gunakan command <code>/feedback [feedback_anda] </code> 
atau email ke <code>translateid.telegram.bot@gmail.com</code>

suka dengan bot ini ? silakan beri rating di https://storebot.me/bot/translateid_bot 

-----------------------------------------

Welcome to Bot Translate Indonesia
Please type a sentence that will be in translate with command like below
  <code>/t </code>   : translate automatic detect to Indonesian
              contoh => <code>/t goat</code> 
  <code>/ti </code> : translate from English to Indonesian
              contoh => <code>/ti goat</code> 
  <code>/te </code> : translate from Indonesian to English
              contoh => <code>/te kambing</code> 

For help list command please type <code>/help </code>

Question? Report bugs? And others just type command <code>/feedback [you_feedback] </code> 
or email to <code>translateid.telegram.bot@gmail.com</code>

Like this bot? Please rate it at https://storebot.me/bot/translateid_bot 

Enjoy your life.. @TranslateID_Bot
[2017-08-15 19:01:02.052] [INFO] debug - 
Incomming Telegram message <<< 
 -name    : Wawan Setiawan
 -user id : wsetiawann
 -msg     : /start
[2017-08-15 19:01:02.062] [INFO] debug - 
Outgoing Telegram message >>>
 -name    : Wawan Setiawan
 -user id : wsetiawann
 -msg     : Hai Wawan

Selamat datang di Bot Translate Indonesia 
silakan ketik kalimat yang akan di translate dengan command seperti dibawah ini
  <code>/t </code>   : translate detek otomatis ke bahasa Indonesia
              contoh => <code>/t goat</code> 
  <code>/ti </code> : translate dari bahasa Inggris ke bahasa Indonesia
              contoh => <code>/ti goat</code> 
  <code>/te </code> : translate dari bahasa Indonesia ke bahasa Inggris
              contoh => <code>/te kambing</code> 

untuk bantuan daftar command silakan ketik <code>/help </code>

ada feedback ? pertanyan ? lapor bugs ? dan lainnya silakan gunakan command <code>/feedback [feedback_anda] </code> 
atau email ke <code>translateid.telegram.bot@gmail.com</code>

suka dengan bot ini ? silakan beri rating di https://storebot.me/bot/translateid_bot 

-----------------------------------------

Welcome to Bot Translate Indonesia
Please type a sentence that will be in translate with command like below
  <code>/t </code>   : translate automatic detect to Indonesian
              example => <code>/t goat</code> 
  <code>/ti </code> : translate from English to Indonesian
              example => <code>/ti goat</code> 
  <code>/te </code> : translate from Indonesian to English
              example => <code>/te kambing</code> 

For help list command please type <code>/help </code>

Question? Report bugs? And others just type command <code>/feedback [you_feedback] </code> 
or email to <code>translateid.telegram.bot@gmail.com</code>

Like this bot? Please rate it at https://storebot.me/bot/translateid_bot 

Enjoy your life.. @TranslateID_Bot
