[2017-08-09 14:18:49.879] [INFO] debug - Incomming message 
 from : 118187666
 msg  : tes
[2017-08-09 14:23:18.678] [INFO] debug - Incomming message 
 from : 118187666
 msg  : a
[2017-08-09 15:13:50.319] [INFO] debug - 
Incomming Telegram message 
 from    : Wawan Setiawan
 user id : wsetiawann
 msg     : a
[2017-08-09 15:13:54.400] [INFO] debug - 
Incomming Telegram message 
 from    : Wawan Setiawan
 user id : wsetiawann
 msg     : q
[2017-08-09 15:28:57.343] [INFO] debug - 
Incomming Telegram message 
 -name    : Wawan Setiawan
 -user id : wsetiawann
 -msg     : a
[2017-08-09 15:28:57.349] [INFO] debug - 
Outgoing Telegram message 
 -name    : Wawan Setiawan
 -user id : wsetiawann
 -msg     : Cannot recognize your command just type /help for get help.
[2017-08-09 15:29:29.925] [INFO] debug - 
Incomming Telegram message 
 -name    : Wawan Setiawan
 -user id : wsetiawann
 -msg     : /ip
[2017-08-09 15:29:31.274] [INFO] debug - 
Outgoing Telegram message 
 -name    : Wawan Setiawan
 -user id : wsetiawann
 -msg     : TODAY my IP is 125.208.156.1
[2017-08-09 15:37:33.600] [INFO] debug - 
Incomming Telegram message <<< 
 -name    : Wawan Setiawan
 -user id : wsetiawann
 -msg     : a
[2017-08-09 15:37:33.601] [INFO] debug - 
Outgoing Telegram message >>>
 -name    : Wawan Setiawan
 -user id : wsetiawann
 -msg     : Cannot recognize your command just type /help for get help.
[2017-08-09 15:37:44.056] [INFO] debug - 
Incomming Telegram message <<< 
 -name    : Wawan Setiawan
 -user id : wsetiawann
 -msg     : /help
[2017-08-09 15:37:45.209] [INFO] debug - 
Outgoing Telegram message >>>
 -name    : Wawan Setiawan
 -user id : wsetiawann
 -msg     : --= Welcome to my bot =--
for all command just type /command
[2017-08-09 15:37:52.245] [INFO] debug - 
Incomming Telegram message <<< 
 -name    : Wawan Setiawan
 -user id : wsetiawann
 -msg     : /command
[2017-08-09 15:37:55.158] [INFO] debug - 
Outgoing Telegram message >>>
 -name    : Wawan Setiawan
 -user id : wsetiawann
 -msg     : List of command : 
/ip  : For get public ip from server 
[2017-08-09 16:06:02.839] [INFO] debug - 
Incomming Telegram message <<< 
 -name    : Wawan Setiawan
 -user id : wsetiawann
 -msg     : /love
[2017-08-09 16:06:02.845] [INFO] debug - 
Outgoing Telegram message >>>
 -name    : Wawan Setiawan
 -user id : wsetiawann
 -msg     : Cannot recognize your command just type /help for get help.
[2017-08-09 16:06:19.560] [INFO] debug - 
Incomming Telegram message <<< 
 -name    : Wawan Setiawan
 -user id : wsetiawann
 -msg     : Yes, you are the bot of my life ❤
[2017-08-09 16:06:19.560] [INFO] debug - 
Outgoing Telegram message >>>
 -name    : Wawan Setiawan
 -user id : wsetiawann
 -msg     : Cannot recognize your command just type /help for get help.
[2017-08-09 16:06:43.092] [INFO] debug - 
Incomming Telegram message <<< 
 -name    : Wawan Setiawan
 -user id : wsetiawann
 -msg     : Yes, you are the bot of my life ❤
[2017-08-09 16:06:43.095] [INFO] debug - 
Outgoing Telegram message >>>
 -name    : Wawan Setiawan
 -user id : wsetiawann
 -msg     : Cannot recognize your command just type /help for get help.
[2017-08-09 16:14:40.820] [INFO] debug - 
Incomming Telegram message <<< 
 -name    : Wawan Setiawan
 -user id : wsetiawann
 -msg     : /cmd
[2017-08-09 16:14:40.827] [INFO] debug - 
Outgoing Telegram message >>>
 -name    : Wawan Setiawan
 -user id : wsetiawann
 -msg     : Cannot recognize your command just type /help for get help.
[2017-08-09 16:15:20.407] [INFO] debug - 
Incomming Telegram message <<< 
 -name    : Wawan Setiawan
 -user id : wsetiawann
 -msg     : /cmd
[2017-08-09 16:17:36.218] [INFO] debug - 
Incomming Telegram message <<< 
 -name    : Wawan Setiawan
 -user id : wsetiawann
 -msg     : /cmd
[2017-08-09 16:18:41.470] [INFO] debug - 
Incomming Telegram message <<< 
 -name    : Wawan Setiawan
 -user id : wsetiawann
 -msg     : a
[2017-08-09 16:18:53.977] [INFO] debug - 
Incomming Telegram message <<< 
 -name    : Wawan Setiawan
 -user id : wsetiawann
 -msg     : /cmd
[2017-08-09 16:19:42.386] [INFO] debug - 
Incomming Telegram message <<< 
 -name    : Wawan Setiawan
 -user id : wsetiawann
 -msg     : /cmd
[2017-08-09 16:21:13.589] [INFO] debug - 
Incomming Telegram message <<< 
 -name    : Wawan Setiawan
 -user id : wsetiawann
 -msg     : No, sorry there is another one...
