[2017-08-10 14:38:03.749] [INFO] debug - 
Incomming Telegram message <<< 
 -name    : Wawan Setiawan
 -user id : wsetiawann
 -msg     : /start
[2017-08-10 14:39:23.066] [INFO] debug - 
Incomming Telegram message <<< 
 -name    : Wawan Setiawan
 -user id : wsetiawann
 -msg     : /ip
[2017-08-10 14:39:24.936] [INFO] debug - 
Outgoing Telegram message >>>
 -name    : Wawan Setiawan
 -user id : wsetiawann
 -msg     : TODAY my IP is 125.208.156.1
[2017-08-10 16:04:31.012] [INFO] debug - 
Incomming Telegram message <<< 
 -name    : Wawan Setiawan
 -user id : wsetiawann
 -msg     : /print
[2017-08-10 16:04:36.814] [INFO] debug - 
Incomming Telegram message <<< 
 -name    : Wawan Setiawan
 -user id : wsetiawann
 -msg     : /ip
[2017-08-10 16:04:39.479] [INFO] debug - 
Outgoing Telegram message >>>
 -name    : Wawan Setiawan
 -user id : wsetiawann
 -msg     : TODAY my IP is 125.208.156.1
[2017-08-10 16:06:56.725] [INFO] debug - 
Incomming Telegram message <<< 
 -name    : Wawan Setiawan
 -user id : wsetiawann
 -msg     : /ip
[2017-08-10 16:06:58.858] [INFO] debug - 
Outgoing Telegram message >>>
 -name    : Wawan Setiawan
 -user id : wsetiawann
 -msg     : TODAY my IP is 125.208.156.1
[2017-08-10 16:07:09.827] [INFO] debug - 
Incomming Telegram message <<< 
 -name    : Wawan Setiawan
 -user id : wsetiawann
 -msg     : /print
[2017-08-10 16:27:51.956] [INFO] debug - 
Incomming Telegram message <<< 
 -name    : Wawan Setiawan
 -user id : wsetiawann
 -msg     : /t
[2017-08-10 16:29:46.227] [INFO] debug - 
Incomming Telegram message <<< 
 -name    : Wawan Setiawan
 -user id : wsetiawann
 -msg     : /t
[2017-08-10 16:30:17.053] [INFO] debug - 
Incomming Telegram message <<< 
 -name    : Wawan Setiawan
 -user id : wsetiawann
 -msg     : /t
[2017-08-10 16:36:45.470] [INFO] debug - 
Incomming Telegram message <<< 
 -name    : Wawan Setiawan
 -user id : wsetiawann
 -msg     : /t
[2017-08-10 16:37:31.200] [INFO] debug - 
Incomming Telegram message <<< 
 -name    : Wawan Setiawan
 -user id : wsetiawann
 -msg     : /t
[2017-08-10 16:43:31.948] [INFO] debug - 
Incomming Telegram message <<< 
 -name    : Wawan Setiawan
 -user id : wsetiawann
 -msg     : /t
[2017-08-10 16:45:04.916] [INFO] debug - 
Incomming Telegram message <<< 
 -name    : Wawan Setiawan
 -user id : wsetiawann
 -msg     : /t
[2017-08-10 16:46:52.078] [INFO] debug - 
Incomming Telegram message <<< 
 -name    : Wawan Setiawan
 -user id : wsetiawann
 -msg     : /t goat climb the mountain
[2017-08-10 16:47:49.300] [INFO] debug - 
Incomming Telegram message <<< 
 -name    : Wawan Setiawan
 -user id : wsetiawann
 -msg     : /t goat climb the mountain
[2017-08-10 16:48:55.651] [INFO] debug - 
Incomming Telegram message <<< 
 -name    : Wawan Setiawan
 -user id : wsetiawann
 -msg     : /t goat climb the mountain
[2017-08-10 16:54:46.165] [INFO] debug - 
Incomming Telegram message <<< 
 -name    : Wawan Setiawan
 -user id : wsetiawann
 -msg     : /t goat climb the mountain
[2017-08-10 17:06:05.325] [INFO] debug - 
Incomming Telegram message <<< 
 -name    : Wawan Setiawan
 -user id : wsetiawann
 -msg     : /print
[2017-08-10 17:06:05.346] [INFO] debug - 
Incomming Telegram message <<< 
 -name    : Wawan Setiawan
 -user id : wsetiawann
 -msg     : /t goat climb the mountain
[2017-08-10 17:07:12.341] [INFO] debug - 
Incomming Telegram message <<< 
 -name    : Wawan Setiawan
 -user id : wsetiawann
 -msg     : /t goat climb the mountain
[2017-08-10 17:08:30.429] [INFO] debug - 
Incomming Telegram message <<< 
 -name    : Wawan Setiawan
 -user id : wsetiawann
 -msg     : /t wayahna
[2017-08-10 17:09:02.438] [INFO] debug - 
Incomming Telegram message <<< 
 -name    : Wawan Setiawan
 -user id : wsetiawann
 -msg     : /t ulah
[2017-08-10 17:09:16.065] [INFO] debug - 
Incomming Telegram message <<< 
 -name    : Wawan Setiawan
 -user id : wsetiawann
 -msg     : /t bandot
[2017-08-10 17:09:34.451] [INFO] debug - 
Incomming Telegram message <<< 
 -name    : Wawan Setiawan
 -user id : wsetiawann
 -msg     : /t salapan
[2017-08-10 17:11:04.932] [INFO] debug - 
Incomming Telegram message <<< 
 -name    : Wawan Setiawan
 -user id : wsetiawann
 -msg     : /t salapan
[2017-08-10 17:15:47.366] [INFO] debug - 
Incomming Telegram message <<< 
 -name    : Wawan Setiawan
 -user id : wsetiawann
 -msg     : /start
[2017-08-10 17:16:45.305] [INFO] debug - 
Incomming Telegram message <<< 
 -name    : Wawan Setiawan
 -user id : wsetiawann
 -msg     : /start
[2017-08-10 17:19:43.644] [INFO] debug - 
Incomming Telegram message <<< 
 -name    : Wawan Setiawan
 -user id : wsetiawann
 -msg     : /start
[2017-08-10 17:20:46.640] [INFO] debug - 
Incomming Telegram message <<< 
 -name    : Wawan Setiawan
 -user id : wsetiawann
 -msg     : /start
[2017-08-10 17:22:25.861] [INFO] debug - 
Incomming Telegram message <<< 
 -name    : Wawan Setiawan
 -user id : wsetiawann
 -msg     : /start
[2017-08-10 17:24:03.452] [INFO] debug - 
Incomming Telegram message <<< 
 -name    : Wawan Setiawan
 -user id : wsetiawann
 -msg     : /start
[2017-08-10 17:24:03.469] [INFO] debug - 
Outgoing Telegram message >>>
 -name    : Wawan Setiawan
 -user id : wsetiawann
 -msg     : Selamat datang di Bot Translate to Indonesia 
silakan ketik kalimat yang akan di translate dengan command seperti dibawah ini
contoh : /t goat 

Enjoy your life.. TranslateID_Bot
[2017-08-10 17:24:17.501] [INFO] debug - 
Incomming Telegram message <<< 
 -name    : Wawan Setiawan
 -user id : wsetiawann
 -msg     : /t embe
[2017-08-10 17:24:25.038] [INFO] debug - 
Outgoing Telegram message >>>
 -name    : Wawan Setiawan
 -user id : wsetiawann
 -msg     : undefined
[2017-08-10 17:25:23.775] [INFO] debug - 
Incomming Telegram message <<< 
 -name    : Wawan Setiawan
 -user id : wsetiawann
 -msg     : /t kamari
[2017-08-10 17:25:25.247] [INFO] debug - 
Outgoing Telegram message >>>
 -name    : Wawan Setiawan
 -user id : wsetiawann
 -msg     : Detek Bahasa : en
 => Kamari
[2017-08-10 17:25:36.460] [INFO] debug - 
Incomming Telegram message <<< 
 -name    : Wawan Setiawan
 -user id : wsetiawann
 -msg     : /t isukan
[2017-08-10 17:25:37.524] [INFO] debug - 
Outgoing Telegram message >>>
 -name    : Wawan Setiawan
 -user id : wsetiawann
 -msg     : Detek Bahasa : su
 => besok
[2017-08-10 17:26:40.735] [INFO] debug - 
Incomming Telegram message <<< 
 -name    : Wawan Setiawan
 -user id : wsetiawann
 -msg     : /help
[2017-08-10 17:26:40.740] [INFO] debug - 
Outgoing Telegram message >>>
 -name    : Wawan Setiawan
 -user id : wsetiawann
 -msg     : --= Welcome to my bot =--
for all command just type /cmd
[2017-08-10 17:29:29.893] [INFO] debug - 
Incomming Telegram message <<< 
 -name    : Wawan Setiawan
 -user id : wsetiawann
 -msg     : undefined
[2017-08-10 17:29:43.851] [INFO] debug - 
Incomming Telegram message <<< 
 -name    : Wawan Setiawan
 -user id : wsetiawann
 -msg     : /t goat
[2017-08-10 17:29:49.844] [INFO] debug - 
Outgoing Telegram message >>>
 -name    : Wawan Setiawan
 -user id : wsetiawann
 -msg     : Detek Bahasa : en
=> kambing
[2017-08-10 17:57:40.977] [INFO] debug - 
Incomming Telegram message <<< 
 -name    : Wawan Setiawan
 -user id : wsetiawann
 -msg     : /t goat
[2017-08-10 17:57:41.292] [INFO] debug - 
Outgoing Telegram message >>>
 -name    : Wawan Setiawan
 -user id : wsetiawann
 -msg     : Detek Bahasa : en
=> kambing
[2017-08-10 17:57:51.958] [INFO] debug - 
Incomming Telegram message <<< 
 -name    : Wawan Setiawan
 -user id : wsetiawann
 -msg     : /help
[2017-08-10 17:57:51.959] [INFO] debug - 
Outgoing Telegram message >>>
 -name    : Wawan Setiawan
 -user id : wsetiawann
 -msg     : Selamat datang di Bot Translate to Indonesia 
silakan ketik kalimat yang akan di translate dengan command seperti dibawah ini
contoh : /t goat 

Enjoy your life.. @TranslateID_Bot
[2017-08-10 17:58:48.383] [INFO] debug - 
Incomming Telegram message <<< 
 -name    : Wawan Setiawan
 -user id : wsetiawann
 -msg     : /help
[2017-08-10 17:58:48.390] [INFO] debug - 
Outgoing Telegram message >>>
 -name    : Wawan Setiawan
 -user id : wsetiawann
 -msg     : Selamat datang di Bot Translate to Indonesia 
silakan ketik kalimat yang akan di translate dengan command seperti dibawah ini
contoh : /t goat 

Enjoy your life.. @TranslateID_Bot
[2017-08-10 18:01:21.065] [INFO] debug - 
Incomming Telegram message <<< 
 -name    : Wawan Setiawan
 -user id : wsetiawann
 -msg     : /t aaaa
[2017-08-10 18:01:27.843] [INFO] debug - 
Incomming Telegram message <<< 
 -name    : Wawan Setiawan
 -user id : wsetiawann
 -msg     : /help
[2017-08-10 18:01:33.897] [INFO] debug - 
Outgoing Telegram message >>>
 -name    : Wawan Setiawan
 -user id : wsetiawann
 -msg     : Selamat datang di Bot Translate to Indonesia 
silakan ketik kalimat yang akan di translate dengan command seperti dibawah ini
contoh : /t goat 

Enjoy your life.. @TranslateID_Bot
[2017-08-10 18:01:37.421] [INFO] debug - 
Outgoing Telegram message >>>
 -name    : Wawan Setiawan
 -user id : wsetiawann
 -msg     : Detek Bahasa : ro
=> tttt
[2017-08-10 18:04:13.382] [INFO] debug - 
Incomming Telegram message <<< 
 -name    : Wawan Setiawan
 -user id : wsetiawann
 -msg     : /help
[2017-08-10 18:04:13.391] [INFO] debug - 
Outgoing Telegram message >>>
 -name    : Wawan Setiawan
 -user id : wsetiawann
 -msg     : Selamat datang di Bot Translate to Indonesia 
silakan ketik kalimat yang akan di translate dengan command seperti dibawah ini
contoh : /t goat 

Enjoy your life.. @TranslateID_Bot
[2017-08-10 18:04:51.216] [INFO] debug - 
Incomming Telegram message <<< 
 -name    : Wawan Setiawan
 -user id : wsetiawann
 -msg     : /help
[2017-08-10 18:04:51.217] [INFO] debug - 
Outgoing Telegram message >>>
 -name    : Wawan Setiawan
 -user id : wsetiawann
 -msg     : Selamat datang di Bot Translate to Indonesia 
silakan ketik kalimat yang akan di translate dengan command seperti dibawah ini
contoh : /t goat 

Enjoy your life.. @TranslateID_Bot
[2017-08-10 18:05:59.091] [INFO] debug - 
Incomming Telegram message <<< 
 -name    : Wawan Setiawan
 -user id : wsetiawann
 -msg     : /help
[2017-08-10 18:05:59.096] [INFO] debug - 
Outgoing Telegram message >>>
 -name    : Wawan Setiawan
 -user id : wsetiawann
 -msg     : Selamat datang di Bot Translate to Indonesia 
silakan ketik kalimat yang akan di translate dengan command seperti dibawah ini
contoh : /t goat 

Enjoy your life.. @TranslateID_Bot
[2017-08-10 18:07:14.866] [INFO] debug - 
Incomming Telegram message <<< 
 -name    : Wawan Setiawan
 -user id : wsetiawann
 -msg     : /t goat
[2017-08-10 18:07:18.207] [INFO] debug - 
Outgoing Telegram message >>>
 -name    : Wawan Setiawan
 -user id : wsetiawann
 -msg     : Detek Bahasa : en
=> kambing
[2017-08-10 18:11:04.043] [INFO] debug - 
Incomming Telegram message <<< 
 -name    : Wawan Setiawan
 -user id : wsetiawann
 -msg     : /print
[2017-08-10 18:11:38.838] [INFO] debug - 
Incomming Telegram message <<< 
 -name    : Wawan Setiawan
 -user id : wsetiawann
 -msg     : /print
[2017-08-10 18:13:00.213] [INFO] debug - 
Incomming Telegram message <<< 
 -name    : Wawan Setiawan
 -user id : wsetiawann
 -msg     : /print
[2017-08-10 18:14:45.548] [INFO] debug - 
Incomming Telegram message <<< 
 -name    : Wawan Setiawan
 -user id : wsetiawann
 -msg     : /print
[2017-08-10 18:15:58.623] [INFO] debug - 
Incomming Telegram message <<< 
 -name    : Wawan Setiawan
 -user id : wsetiawann
 -msg     : /print
[2017-08-10 18:17:25.033] [INFO] debug - 
Incomming Telegram message <<< 
 -name    : Wawan Setiawan
 -user id : wsetiawann
 -msg     : /print
[2017-08-10 18:18:16.066] [INFO] debug - 
Incomming Telegram message <<< 
 -name    : Wawan Setiawan
 -user id : wsetiawann
 -msg     : /print
[2017-08-10 18:19:35.490] [INFO] debug - 
Incomming Telegram message <<< 
 -name    : Wawan Setiawan
 -user id : wsetiawann
 -msg     : /print
[2017-08-10 18:21:18.199] [INFO] debug - 
Incomming Telegram message <<< 
 -name    : Wawan Setiawan
 -user id : wsetiawann
 -msg     : /print
[2017-08-10 18:22:27.844] [INFO] debug - 
Incomming Telegram message <<< 
 -name    : Wawan Setiawan
 -user id : wsetiawann
 -msg     : /print
[2017-08-10 18:23:48.398] [INFO] debug - 
Incomming Telegram message <<< 
 -name    : Wawan Setiawan
 -user id : wsetiawann
 -msg     : /print
[2017-08-10 18:25:02.595] [INFO] debug - 
Incomming Telegram message <<< 
 -name    : Wawan Setiawan
 -user id : wsetiawann
 -msg     : /print
[2017-08-10 18:28:14.027] [INFO] debug - 
Incomming Telegram message <<< 
 -name    : Wawan Setiawan
 -user id : wsetiawann
 -msg     : /t google
[2017-08-10 18:28:14.233] [INFO] debug - 
Outgoing Telegram message >>>
 -name    : Wawan Setiawan
 -user id : wsetiawann
 -msg     : Detek Bahasa : id
=> google
[2017-08-10 18:29:15.018] [INFO] debug - 
Incomming Telegram message <<< 
 -name    : Wawan Setiawan
 -user id : wsetiawann
 -msg     : Isukan
[2017-08-10 18:30:56.373] [INFO] debug - 
Incomming Telegram message <<< 
 -name    : Wawan Setiawan
 -user id : wsetiawann
 -msg     : /t isukan
[2017-08-10 18:30:56.557] [INFO] debug - 
Outgoing Telegram message >>>
 -name    : Wawan Setiawan
 -user id : wsetiawann
 -msg     : Detek Bahasa : su
=> besok
[2017-08-10 19:05:43.789] [INFO] debug - 
Incomming Telegram message <<< 
 -name    : Wawan Setiawan
 -user id : wsetiawann
 -msg     : /help
[2017-08-10 19:05:47.959] [INFO] debug - 
Outgoing Telegram message >>>
 -name    : Wawan Setiawan
 -user id : wsetiawann
 -msg     : Selamat datang di Bot Translate to Indonesia 
silakan ketik kalimat yang akan di translate dengan command seperti dibawah ini
contoh : <b>/t goat</b> 

Enjoy your life.. @TranslateID_Bot
[2017-08-10 19:06:35.281] [INFO] debug - 
Incomming Telegram message <<< 
 -name    : Wawan Setiawan
 -user id : wsetiawann
 -msg     : /help
[2017-08-10 19:06:38.871] [INFO] debug - 
Outgoing Telegram message >>>
 -name    : Wawan Setiawan
 -user id : wsetiawann
 -msg     : Selamat datang di Bot Translate to Indonesia 
silakan ketik kalimat yang akan di translate dengan command seperti dibawah ini
contoh : <code>/t goat</code> 

Enjoy your life.. @TranslateID_Bot
[2017-08-10 19:07:58.536] [INFO] debug - 
Incomming Telegram message <<< 
 -name    : Wawan Setiawan
 -user id : wsetiawann
 -msg     : /help
[2017-08-10 19:08:03.066] [INFO] debug - 
Outgoing Telegram message >>>
 -name    : Wawan Setiawan
 -user id : wsetiawann
 -msg     : Selamat datang di Bot Translate to Indonesia 
silakan ketik kalimat yang akan di translate dengan command seperti dibawah ini
contoh : <code>/t goat</code> 

Enjoy your life.. @TranslateID_Bot
